
 Ansys Mechanical Enterprise Academic Student      


 *------------------------------------------------------------------*
 |                                                                  |
 |   W E L C O M E   T O   T H E   A N S Y S (R)  P R O G R A M     |
 |                                                                  |
 *------------------------------------------------------------------*




 ***************************************************************
 *         ANSYS MAPDL 2023 R2          LEGAL NOTICES          *
 ***************************************************************
 *                                                             *
 * Copyright 1971-2023 Ansys, Inc.  All rights reserved.       *
 * Unauthorized use, distribution or duplication is            *
 * prohibited.                                                 *
 *                                                             *
 * Ansys is a registered trademark of Ansys, Inc. or its       *
 * subsidiaries in the United States or other countries.       *
 * See the Ansys, Inc. online documentation or the Ansys, Inc. *
 * documentation CD or online help for the complete Legal      *
 * Notice.                                                     *
 *                                                             *
 ***************************************************************
 *                                                             *
 * THIS ANSYS SOFTWARE PRODUCT AND PROGRAM DOCUMENTATION       *
 * INCLUDE TRADE SECRETS AND CONFIDENTIAL AND PROPRIETARY      *
 * PRODUCTS OF ANSYS, INC., ITS SUBSIDIARIES, OR LICENSORS.    *
 * The software products and documentation are furnished by    *
 * Ansys, Inc. or its subsidiaries under a software license    *
 * agreement that contains provisions concerning               *
 * non-disclosure, copying, length and nature of use,          *
 * compliance with exporting laws, warranties, disclaimers,    *
 * limitations of liability, and remedies, and other           *
 * provisions.  The software products and documentation may be *
 * used, disclosed, transferred, or copied only in accordance  *
 * with the terms and conditions of that software license      *
 * agreement.                                                  *
 *                                                             *
 * Ansys, Inc. is a UL registered                              *
 * ISO 9001:2015 company.                                      *
 *                                                             *
 ***************************************************************
 *                                                             *
 * This product is subject to U.S. laws governing export and   *
 * re-export.                                                  *
 *                                                             *
 * For U.S. Government users, except as specifically granted   *
 * by the Ansys, Inc. software license agreement, the use,     *
 * duplication, or disclosure by the United States Government  *
 * is subject to restrictions stated in the Ansys, Inc.        *
 * software license agreement and FAR 12.212 (for non-DOD      *
 * licenses).                                                  *
 *                                                             *
 ***************************************************************

 2023 R2 
     
 Point Releases and Patches installed:   
     
 Discovery 2023 R2   
 Autodyn 2023 R2 
 SpaceClaim 2023 R2  
 CFX (includes CFD-Post) 2023 R2 
 Chemkin 2023 R2 
 EnSight 2023 R2 
 FENSAP-ICE 2023 R2  
 Fluent (includes CFD-Post) 2023 R2  
 Polyflow (includes CFD-Post) 2023 R2
 Forte (includes EnSight) 2023 R2
 TurboGrid 2023 R2   
 Motion 2023 R2  
 Aqwa 2023 R2
 Speos 2023 R2   
 Mechanical Products 2023 R2 
 Material Calibration App 2023 R2
 ACIS Geometry Interface 2023 R2 
 AutoCAD Geometry Interface 2023 R2  
 Catia, Version 4 Geometry Interface 2023 R2 
 Catia, Version 5 Geometry Interface 2023 R2 
 Catia, Version 6 Geometry Interface 2023 R2 
 Creo Elements/Direct Modeling Geometry Interface 2023 R2
 Creo Parametric Geometry Interface 2023 R2  
 Inventor Geometry Interface 2023 R2 
 JTOpen Geometry Interface 2023 R2   
 NX Geometry Interface 2023 R2   
 Parasolid Geometry Interface  2023 R2   
 Solid Edge Geometry Interface 2023 R2   
 SOLIDWORKS Geometry Interface 2023 R2   
 Academic Student 2023 R2


          *****  MAPDL COMMAND LINE ARGUMENTS  *****
  BATCH MODE REQUESTED (-b)    = NOLIST
  INPUT FILE COPY MODE (-c)    = COPY
  DISTRIBUTED MEMORY PARALLEL REQUESTED
       4 PARALLEL PROCESSES REQUESTED WITH SINGLE THREAD PER PROCESS
    TOTAL OF     4 CORES REQUESTED
  INPUT FILE NAME              = C:\Users\skrua\AppData\Local\Temp\WB_skrua_4292_2\_ProjectScratch\Scr86E2\dummy.dat
  OUTPUT FILE NAME             = C:\Users\skrua\AppData\Local\Temp\WB_skrua_4292_2\_ProjectScratch\Scr86E2\solve.out
  START-UP FILE MODE           = NOREAD
  STOP FILE MODE               = NOREAD

 RELEASE= 2023 R2              BUILD= 23.2      UP20230531   VERSION=WINDOWS x64 
 CURRENT JOBNAME=file0  16:09:22  OCT 14, 2023 CP=      0.000


 PARAMETER _DS_PROGRESS =     999.0000000    

 /INPUT FILE= ds.dat  LINE=       0



 *** NOTE ***                            CP =       0.031   TIME= 16:09:22
 The /CONFIG,NOELDB command is not valid in a distributed memory         
 parallel solution.  Command is ignored.                                 

 *GET  _WALLSTRT  FROM  ACTI  ITEM=TIME WALL  VALUE=  16.1561111    

 TITLE= 
 wbnew--Static Structural (A5)                                                 

  ACT Extensions:
      LSDYNA, 2023.2
      5f463412-bd3e-484b-87e7-cbc0a665e474, wbex
 /COM,     ANSYSMotion, 2023.2
      20180725-3f81-49eb-9f31-41364844c769, wbex
  

 SET PARAMETER DIMENSIONS ON  _WB_PROJECTSCRATCH_DIR
  TYPE=STRI  DIMENSIONS=      248        1        1

 PARAMETER _WB_PROJECTSCRATCH_DIR(1) = C:\Users\skrua\AppData\Local\Temp\WB_skrua_4292_2\_ProjectScratch\Scr86E2\

 SET PARAMETER DIMENSIONS ON  _WB_SOLVERFILES_DIR
  TYPE=STRI  DIMENSIONS=      248        1        1

 PARAMETER _WB_SOLVERFILES_DIR(1) = C:\Users\skrua\AppData\Local\Temp\WB_skrua_4292_2\wbnew_files\dp0\SYS\MECH\

 SET PARAMETER DIMENSIONS ON  _WB_USERFILES_DIR
  TYPE=STRI  DIMENSIONS=      248        1        1

 PARAMETER _WB_USERFILES_DIR(1) = C:\Users\skrua\AppData\Local\Temp\WB_skrua_4292_2\wbnew_files\user_files\
 --- Data in consistent NMM units. See Solving Units in the help system for more

 MPA UNITS SPECIFIED FOR INTERNAL    
  LENGTH      = MILLIMETERS (mm)
  MASS        = TONNE (Mg)
  TIME        = SECONDS (sec)
  TEMPERATURE = CELSIUS (C)
  TOFFSET     = 273.0
  FORCE       = NEWTON (N)
  HEAT        = MILLIJOULES (mJ)

 INPUT  UNITS ARE ALSO SET TO MPA 

 *** MAPDL - ENGINEERING ANALYSIS SYSTEM  RELEASE 2023 R2          23.2     ***
 Ansys Mechanical Enterprise Academic Student      
 01055371  VERSION=WINDOWS x64   16:09:22  OCT 14, 2023 CP=      0.031

 wbnew--Static Structural (A5)                                                 



          ***** MAPDL ANALYSIS DEFINITION (PREP7) *****
 *********** Nodes for the whole assembly ***********
 *********** Nodes for all Remote Points ***********
 *********** Elements for Body 1 "Solid" ***********
 *********** Send User Defined Coordinate System(s) ***********
 *********** Set Reference Temperature ***********
 *********** Send Materials ***********
 ********* Frictionless Supports X *********
 ********* Frictionless Supports Z *********
 *********** Node Rotations ***********
 *********** Create Remote Point "Remote Point 2" ***********
 *********** Create Remote Point "Remote Point" ***********
 *********** Define Force Using Surface Effect Elements ***********
 *********** Define Force Using Surface Effect Elements ***********
 *********** Construct Weak Springs, Prototype 1 ***********


 ***** ROUTINE COMPLETED *****  CP =         0.062


 --- Number of total nodes = 10149
 --- Number of contact elements = 31
 --- Number of spring elements = 24
 --- Number of bearing elements = 0
 --- Number of solid elements = 1372
 --- Number of condensed parts = 0
 --- Number of total elements = 1429

 *GET  _WALLBSOL  FROM  ACTI  ITEM=TIME WALL  VALUE=  16.1561111    
 ****************************************************************************
 *************************    SOLUTION       ********************************
 ****************************************************************************

 *****  MAPDL SOLUTION ROUTINE  *****


 PERFORM A STATIC ANALYSIS
  THIS WILL BE A NEW ANALYSIS

 PARAMETER _THICKRATIO =     0.000000000    

 USE SPARSE MATRIX DIRECT SOLVER

 CONTACT INFORMATION PRINTOUT LEVEL       1

 CHECK INITIAL OPEN/CLOSED STATUS OF SELECTED CONTACT ELEMENTS
      AND LIST DETAILED CONTACT PAIR INFORMATION

 SPLIT CONTACT SURFACES AT SOLVE PHASE

    NUMBER OF SPLITTING TBD BY PROGRAM

 DO NOT COMBINE ELEMENT MATRIX FILES (.emat) AFTER DISTRIBUTED PARALLEL SOLUTION

 DO NOT COMBINE ELEMENT SAVE DATA FILES (.esav) AFTER DISTRIBUTED PARALLEL SOLUTION

 NLDIAG: Nonlinear diagnostics CONT option is set to ON. 
         Writing frequency : each ITERATION.

 DO NOT SAVE ANY RESTART FILES AT ALL
 ****************************************************
 ******************* SOLVE FOR LS 1 OF 1 ****************

 SELECT       FOR ITEM=TYPE COMPONENT=    
  IN RANGE         6 TO          6 STEP          1

         10  ELEMENTS (OF       1429  DEFINED) SELECTED BY  ESEL  COMMAND.

 SELECT      ALL NODES HAVING ANY ELEMENT IN ELEMENT SET.

         50 NODES (OF      10149  DEFINED) SELECTED FROM
       10 SELECTED ELEMENTS BY NSLE COMMAND.

 SPECIFIED SURFACE LOAD PRES FOR ALL SELECTED ELEMENTS  LKEY =  1   KVAL = 1
     VALUES =    -8.2155        -8.2155        -8.2155        -8.2155    

 SPECIFIED SURFACE LOAD PRES FOR ALL SELECTED ELEMENTS  LKEY =  2   KVAL = 1
     VALUES =     0.0000         0.0000         0.0000         0.0000    

 SPECIFIED SURFACE LOAD PRES FOR ALL SELECTED ELEMENTS  LKEY =  3   KVAL = 1
     VALUES =     3.4233         3.4233         3.4233         3.4233    

 SELECT       FOR ITEM=TYPE COMPONENT=    
  IN RANGE         7 TO          7 STEP          1

         10  ELEMENTS (OF       1429  DEFINED) SELECTED BY  ESEL  COMMAND.

 SELECT      ALL NODES HAVING ANY ELEMENT IN ELEMENT SET.

         50 NODES (OF      10149  DEFINED) SELECTED FROM
       10 SELECTED ELEMENTS BY NSLE COMMAND.

 SPECIFIED SURFACE LOAD PRES FOR ALL SELECTED ELEMENTS  LKEY =  1   KVAL = 1
     VALUES =     8.2155         8.2155         8.2155         8.2155    

 SPECIFIED SURFACE LOAD PRES FOR ALL SELECTED ELEMENTS  LKEY =  2   KVAL = 1
     VALUES =     0.0000         0.0000         0.0000         0.0000    

 SPECIFIED SURFACE LOAD PRES FOR ALL SELECTED ELEMENTS  LKEY =  3   KVAL = 1
     VALUES =     0.0000         0.0000         0.0000         0.0000    

 ALL SELECT   FOR ITEM=NODE COMPONENT=    
  IN RANGE         1 TO      10149 STEP          1

      10149  NODES (OF      10149  DEFINED) SELECTED BY NSEL  COMMAND.

 ALL SELECT   FOR ITEM=ELEM COMPONENT=    
  IN RANGE         1 TO       4394 STEP          1

       1429  ELEMENTS (OF       1429  DEFINED) SELECTED BY  ESEL  COMMAND.

 PRINTOUT RESUMED BY /GOP

 USE       1 SUBSTEPS INITIALLY THIS LOAD STEP FOR ALL  DEGREES OF FREEDOM
 FOR AUTOMATIC TIME STEPPING:
   USE      1 SUBSTEPS AS A MAXIMUM
   USE      1 SUBSTEPS AS A MINIMUM

 TIME=  1.0000    

 ERASE THE CURRENT DATABASE OUTPUT CONTROL TABLE.


 WRITE ALL  ITEMS TO THE DATABASE WITH A FREQUENCY OF NONE
   FOR ALL APPLICABLE ENTITIES

 WRITE NSOL ITEMS TO THE DATABASE WITH A FREQUENCY OF ALL 
   FOR ALL APPLICABLE ENTITIES

 WRITE RSOL ITEMS TO THE DATABASE WITH A FREQUENCY OF ALL 
   FOR ALL APPLICABLE ENTITIES

 WRITE EANG ITEMS TO THE DATABASE WITH A FREQUENCY OF ALL 
   FOR ALL APPLICABLE ENTITIES

 WRITE ETMP ITEMS TO THE DATABASE WITH A FREQUENCY OF ALL 
   FOR ALL APPLICABLE ENTITIES

 WRITE VENG ITEMS TO THE DATABASE WITH A FREQUENCY OF ALL 
   FOR ALL APPLICABLE ENTITIES

 WRITE STRS ITEMS TO THE DATABASE WITH A FREQUENCY OF ALL 
   FOR ALL APPLICABLE ENTITIES

 WRITE EPEL ITEMS TO THE DATABASE WITH A FREQUENCY OF ALL 
   FOR ALL APPLICABLE ENTITIES

 WRITE EPPL ITEMS TO THE DATABASE WITH A FREQUENCY OF ALL 
   FOR ALL APPLICABLE ENTITIES

 WRITE CONT ITEMS TO THE DATABASE WITH A FREQUENCY OF ALL 
   FOR ALL APPLICABLE ENTITIES

 *GET  ANSINTER_  FROM  ACTI  ITEM=INT        VALUE=  0.00000000    

 *IF  ANSINTER_                         ( =   0.00000     )  NE  
      0                                 ( =   0.00000     )  THEN    

 *ENDIF

 *** NOTE ***                            CP =       0.250   TIME= 16:09:22
 The automatic domain decomposition logic has selected the MESH domain   
 decomposition method with 4 processes per solution.                     

 *****  MAPDL SOLVE    COMMAND  *****

 *** WARNING ***                         CP =       0.266   TIME= 16:09:22
 Element shape checking is currently inactive.  Issue SHPP,ON or         
 SHPP,WARN to reactivate, if desired.                                    

 *** NOTE ***                            CP =       0.266   TIME= 16:09:22
 The model data was checked and warning messages were found.             
  Please review output or errors file (                                  
 C:\Users\skrua\AppData\Local\Temp\WB_skrua_4292_2\_ProjectScratch\Scr86 
 6E2\file0.err ) for these warning messages.                             

 *** SELECTION OF ELEMENT TECHNOLOGIES FOR APPLICABLE ELEMENTS ***
      --- GIVE SUGGESTIONS AND RESET THE KEY OPTIONS ---

 ELEMENT TYPE         1 IS SOLID186. KEYOPT(2)=0 IS SUGGESTED AND HAS BEEN RESET.
  KEYOPT(1-12)=    0    0    0    0    0    0    0    0    0    0    0    0



 *** MAPDL - ENGINEERING ANALYSIS SYSTEM  RELEASE 2023 R2          23.2     ***
 Ansys Mechanical Enterprise Academic Student      
 01055371  VERSION=WINDOWS x64   16:09:22  OCT 14, 2023 CP=      0.266

 wbnew--Static Structural (A5)                                                 



                       S O L U T I O N   O P T I O N S

   PROBLEM DIMENSIONALITY. . . . . . . . . . . . .3-D                  
   DEGREES OF FREEDOM. . . . . . UX   UY   UZ   ROTX ROTY ROTZ
   ANALYSIS TYPE . . . . . . . . . . . . . . . . .STATIC (STEADY-STATE)
   OFFSET TEMPERATURE FROM ABSOLUTE ZERO . . . . .  273.15    
   EQUATION SOLVER OPTION. . . . . . . . . . . . .SPARSE             
   GLOBALLY ASSEMBLED MATRIX . . . . . . . . . . .SYMMETRIC  

 *** WARNING ***                         CP =       0.281   TIME= 16:09:22
 Material number 6 (used by element 4351) should normally have at least  
 one MP or one TB type command associated with it.  Output of energy by  
 material may not be available.                                          

 *** NOTE ***                            CP =       0.281   TIME= 16:09:22
 The step data was checked and warning messages were found.              
  Please review output or errors file (                                  
 C:\Users\skrua\AppData\Local\Temp\WB_skrua_4292_2\_ProjectScratch\Scr86 
 6E2\file0.err ) for these warning messages.                             

 CHECK INITIAL OPEN/CLOSED STATUS OF SELECTED CONTACT ELEMENTS
      AND LIST DETAILED CONTACT PAIR INFORMATION

 *** NOTE ***                            CP =       0.281   TIME= 16:09:22
 Internal nodes from 10150 to 10151 are created.                         
 2 internal nodes are used for handling degrees of freedom on pilot      
 nodes of rigid target surfaces.                                         

 *** NOTE ***                            CP =       0.281   TIME= 16:09:22
 Internal nodes from 10150 to 10151 are created.                         
 2 internal nodes are used for handling degrees of freedom on pilot      
 nodes of rigid target surfaces.                                         

 *** NOTE ***                            CP =       0.312   TIME= 16:09:22
 The maximum number of contact elements in any single contact pair is 0, 
 which is smaller than the optimal domain size of 120 elements for the   
 given number of CPU domains (4).  Therefore, no contact pairs are       
 being split by the CNCH,DMP logic.                                      

 *** NOTE ***                            CP =       0.328   TIME= 16:09:22
 Internal nodes from 10150 to 10151 are created.                         
 2 internal nodes are used for handling degrees of freedom on pilot      
 nodes of rigid target surfaces.                                         

 *** NOTE ***                            CP =       0.328   TIME= 16:09:22
 Internal nodes from 10150 to 10151 are created.                         
 2 internal nodes are used for handling degrees of freedom on pilot      
 nodes of rigid target surfaces.                                         

 *** NOTE ***                            CP =       0.344   TIME= 16:09:22
 Force-distributed-surface identified by real constant set 2 and         
 contact element type 2 has been set up.  The pilot node 10124 is used   
 to apply the force.  Internal MPC will be built.                        
 The used degrees of freedom set is  UX   UY   UZ   ROTX ROTY ROTZ
 Please verify constraints (including rotational degrees of freedom)
  on the pilot node by yourself.
 ****************************************
  

 *** NOTE ***                            CP =       0.344   TIME= 16:09:22
 Force-distributed-surface identified by real constant set 4 and         
 contact element type 4 has been set up.  The pilot node 10125 is used   
 to apply the force.  Internal MPC will be built.                        
 The used degrees of freedom set is  UX   UY   UZ   ROTX ROTY ROTZ
 Please verify constraints (including rotational degrees of freedom)
  on the pilot node by yourself.
 ****************************************
  
  
  

 *** NOTE ***                            CP =       0.344   TIME= 16:09:22
 Internal nodes from 10150 to 10151 are created.                         
 2 internal nodes are used for handling degrees of freedom on pilot      
 nodes of rigid target surfaces.                                         

  
  
     D I S T R I B U T E D   D O M A I N   D E C O M P O S E R
  
  ...Number of elements: 1429
  ...Number of nodes:    10151
  ...Decompose to 4 CPU domains
  ...Element load balance ratio =     1.025


                      L O A D   S T E P   O P T I O N S

   LOAD STEP NUMBER. . . . . . . . . . . . . . . .     1
   TIME AT END OF THE LOAD STEP. . . . . . . . . .  1.0000    
   NUMBER OF SUBSTEPS. . . . . . . . . . . . . . .     1
   STEP CHANGE BOUNDARY CONDITIONS . . . . . . . .    NO
   PRINT OUTPUT CONTROLS . . . . . . . . . . . . .NO PRINTOUT
   DATABASE OUTPUT CONTROLS
      ITEM     FREQUENCY   COMPONENT
       ALL       NONE               
      NSOL        ALL               
      RSOL        ALL               
      EANG        ALL               
      ETMP        ALL               
      VENG        ALL               
      STRS        ALL               
      EPEL        ALL               
      EPPL        ALL               
      CONT        ALL               


 SOLUTION MONITORING INFO IS WRITTEN TO FILE= file.mntr                                                                                                                                                                                                                                                           



                         ***********  PRECISE MASS SUMMARY  ***********

   TOTAL RIGID BODY MASS MATRIX ABOUT ORIGIN
               Translational mass               |   Coupled translational/rotational mass
        0.84171E-04    0.0000        0.0000     |     0.0000      -0.25833E-02  -0.25251E-03
         0.0000       0.84171E-04    0.0000     |    0.25833E-02    0.0000       0.40225E-02
         0.0000        0.0000       0.84171E-04 |    0.25251E-03  -0.40225E-02    0.0000    
     ------------------------------------------ | ------------------------------------------
                                                |         Rotational mass (inertia)
                                                |    0.10510      -0.12067E-01   0.13519    
                                                |   -0.12067E-01   0.37764       0.77500E-02
                                                |    0.13519       0.77500E-02   0.27456    

   TOTAL MASS = 0.84171E-04
     The mass principal axes coincide with the global Cartesian axes

   CENTER OF MASS (X,Y,Z)=    47.789        3.0000       -30.692    

   TOTAL INERTIA ABOUT CENTER OF MASS
        0.25052E-01   0.10408E-16   0.11735E-01
        0.10408E-16   0.10612      -0.13010E-16
        0.11735E-01  -0.13010E-16   0.81572E-01

   PRINCIPAL INERTIAS =   0.22713E-01   0.10612       0.83912E-01
   ORIENTATION VECTORS OF THE INERTIA PRINCIPAL AXES IN GLOBAL CARTESIAN
     ( 0.981,-0.000,-0.196) ( 0.000, 1.000,-0.000) ( 0.196, 0.000, 0.981) 


  *** MASS SUMMARY BY ELEMENT TYPE ***

  TYPE      MASS
     1  0.841714E-04

 Range of element maximum matrix coefficients in global coordinates
 Maximum = 902582.663 at element 1176.                                   
 Minimum = 1.993893022E-04 at element 4389.                              

 *** WARNING ***                         CP =       0.656   TIME= 16:09:22
 Coefficient ratio exceeds 1.0e8 - Check results.                        

   *** ELEMENT MATRIX FORMULATION TIMES
     TYPE    NUMBER   ENAME      TOTAL CP  AVE CP

        1      1372  SOLID186      0.328   0.000239
        2        10  CONTA174      0.000   0.000000
        3         1  TARGE170      0.000   0.000000
        4         1  CONTA174      0.000   0.000000
        5         1  TARGE170      0.000   0.000000
        6        10  SURF154       0.000   0.000000
        7        10  SURF154       0.000   0.000000
        8        24  COMBIN14      0.000   0.000000
 Time at end of element matrix formulation CP = 0.65625.                 

 DISTRIBUTED SPARSE MATRIX DIRECT SOLVER.
  Number of equations =       30311,    Maximum wavefront =    306

  Process memory allocated for solver              =    36.228 MB
  Process memory required for in-core solution     =    34.883 MB
  Process memory required for out-of-core solution =    21.349 MB

  Total memory allocated for solver                =   149.037 MB
  Total memory required for in-core solution       =   143.360 MB
  Total memory required for out-of-core solution   =    84.788 MB

 *** NOTE ***                            CP =       0.828   TIME= 16:09:23
 The Distributed Sparse Matrix Solver is currently running in the        
 in-core memory mode.  This memory mode uses the most amount of memory   
 in order to avoid using the hard drive as much as possible, which most  
 often results in the fastest solution time.  This mode is recommended   
 if enough physical memory is present to accommodate all of the solver   
 data.                                                                   
 curEqn=   6780  totEqn=   6780 Job CP sec=      0.891
      Factor Done= 100% Factor Wall sec=      0.087 rate=       8.3 GFlops
 Distributed sparse solver maximum pivot= 1587833.69 at node 4582 UZ.    
 Distributed sparse solver minimum pivot= 1.595090738E-03 at node 4363   
 UY.                                                                     
 Distributed sparse solver minimum pivot in absolute value=              
 1.595090738E-03 at node 4363 UY.                                        

   *** ELEMENT RESULT CALCULATION TIMES
     TYPE    NUMBER   ENAME      TOTAL CP  AVE CP

        1      1372  SOLID186      0.031   0.000023
        2        10  CONTA174      0.000   0.000000
        4         1  CONTA174      0.000   0.000000
        6        10  SURF154       0.000   0.000000
        7        10  SURF154       0.000   0.000000
        8        24  COMBIN14      0.000   0.000000

   *** NODAL LOAD CALCULATION TIMES
     TYPE    NUMBER   ENAME      TOTAL CP  AVE CP

        1      1372  SOLID186      0.016   0.000011
        2        10  CONTA174      0.000   0.000000
        4         1  CONTA174      0.000   0.000000
        6        10  SURF154       0.000   0.000000
        7        10  SURF154       0.000   0.000000
        8        24  COMBIN14      0.000   0.000000
 *** LOAD STEP     1   SUBSTEP     1  COMPLETED.    CUM ITER =      1
 *** TIME =   1.00000         TIME INC =   1.00000      NEW TRIANG MATRIX


 *** MAPDL BINARY FILE STATISTICS
  BUFFER SIZE USED= 16384
        0.125 MB WRITTEN ON ELEMENT MATRIX FILE: file0.emat
        0.875 MB WRITTEN ON ELEMENT SAVED DATA FILE: file0.esav
        5.938 MB WRITTEN ON ASSEMBLED MATRIX FILE: file0.full
        0.812 MB WRITTEN ON RESULTS FILE: file0.rst
 *************** Write FE CONNECTORS *********

 WRITE OUT CONSTRAINT EQUATIONS TO FILE= file.ce                                                                                                                                                                                                                                                             
 ****************************************************
 *************** FINISHED SOLVE FOR LS 1 *************

 *GET  _WALLASOL  FROM  ACTI  ITEM=TIME WALL  VALUE=  16.1563889    

 PRINTOUT RESUMED BY /GOP

 FINISH SOLUTION PROCESSING


 ***** ROUTINE COMPLETED *****  CP =         0.984



 *** MAPDL - ENGINEERING ANALYSIS SYSTEM  RELEASE 2023 R2          23.2     ***
 Ansys Mechanical Enterprise Academic Student      
 01055371  VERSION=WINDOWS x64   16:09:23  OCT 14, 2023 CP=      0.984

 wbnew--Static Structural (A5)                                                 



          ***** MAPDL RESULTS INTERPRETATION (POST1) *****

 *** NOTE ***                            CP =       0.984   TIME= 16:09:23
 Reading results into the database (SET command) will update the current 
 displacement and force boundary conditions in the database with the     
 values from the results file for that load set.  Note that any          
 subsequent solutions will use these values unless action is taken to    
 either SAVE the current values or not overwrite them (/EXIT,NOSAVE).    

 Set Encoding of XML File to:ISO-8859-1

 Set Output of XML File to:
     PARM,     ,     ,     ,     ,     ,     ,     ,     ,     ,     ,     ,
         ,     ,     ,     ,     ,     ,     ,

 DATABASE WRITTEN ON FILE  parm.xml                                                                                                                                                                                                                                                            

 EXIT THE MAPDL POST1 DATABASE PROCESSOR


 ***** ROUTINE COMPLETED *****  CP =         0.984



 PRINTOUT RESUMED BY /GOP

 *GET  _WALLDONE  FROM  ACTI  ITEM=TIME WALL  VALUE=  16.1563889    

 PARAMETER _PREPTIME =     0.000000000    

 PARAMETER _SOLVTIME =     1.000000000    

 PARAMETER _POSTTIME =     0.000000000    

 PARAMETER _TOTALTIM =     1.000000000    

 *GET  _DLBRATIO  FROM  ACTI  ITEM=SOLU DLBR  VALUE=  1.02528090    

 *GET  _COMBTIME  FROM  ACTI  ITEM=SOLU COMB  VALUE= 0.849980000E-02

 *GET  _SSMODE   FROM  ACTI  ITEM=SOLU SSMM  VALUE=  2.00000000    

 *GET  _NDOFS    FROM  ACTI  ITEM=SOLU NDOF  VALUE=  30311.0000    

 *GET  _SOL_END_TIME  FROM  ACTI  ITEM=SET  TIME  VALUE=  1.00000000    

 *IF  _sol_end_time                     ( =   1.00000     )  EQ  
      1.000000                          ( =   1.00000     )  THEN    

 /FCLEAN COMMAND REMOVING ALL LOCAL FILES

 *ENDIF
 --- Total number of nodes = 10149
 --- Total number of elements = 1429
 --- Element load balance ratio = 1.0252809
 --- Time to combine distributed files = 8.4998E-03
 --- Sparse memory mode = 2
 --- Number of DOF = 30311

 EXIT MAPDL WITHOUT SAVING DATABASE


 NUMBER OF WARNING MESSAGES ENCOUNTERED=          3
 NUMBER OF ERROR   MESSAGES ENCOUNTERED=          0

+--------------------- M A P D L   S T A T I S T I C S ------------------------+

Release: 2023 R2            Build: 23.2       Update: UP20230531   Platform: WINDOWS x64 
Date Run: 10/14/2023   Time: 16:09     Process ID: 368
Operating System: Windows 11  (Build: 22621)

Processor Model: AMD Ryzen 7 5800H with Radeon Graphics

Compiler: Intel(R) Fortran Compiler Version 19.0.5  (Build: 20190815)
          Intel(R) C/C++ Compiler Version 19.0.5  (Build: 20190815)
          Intel(R) Math Kernel Library Version 2020.0.0 Product Build 20191125
          BLAS Library supplied by AMD BLIS

Number of machines requested            :    1
Total number of cores available         :   16
Number of physical cores available      :    8
Number of processes requested           :    4
Number of threads per process requested :    1
Total number of cores requested         :    4 (Distributed Memory Parallel)               
MPI Type: INTELMPI
MPI Version: Intel(R) MPI Library 2021.8 for Windows* OS


GPU Acceleration: Not Requested

Job Name: file0
Input File: dummy.dat

  Core                Machine Name   Working Directory
 -----------------------------------------------------
     0                    NO-TOUCH   C:\Users\skrua\AppData\Local\Temp\WB_skrua_4292_2\_ProjectScratch\Scr86E2
     1                    NO-TOUCH   C:\Users\skrua\AppData\Local\Temp\WB_skrua_4292_2\_ProjectScratch\Scr86E2
     2                    NO-TOUCH   C:\Users\skrua\AppData\Local\Temp\WB_skrua_4292_2\_ProjectScratch\Scr86E2
     3                    NO-TOUCH   C:\Users\skrua\AppData\Local\Temp\WB_skrua_4292_2\_ProjectScratch\Scr86E2
 
Latency time from master to core     1 =    3.692 microseconds
Latency time from master to core     2 =    3.370 microseconds
Latency time from master to core     3 =    3.321 microseconds
 
Communication speed from master to core     1 =  7081.40 MB/sec
Communication speed from master to core     2 =  8736.68 MB/sec
Communication speed from master to core     3 =  7572.75 MB/sec

Total CPU time for main thread                    :        0.6 seconds
Total CPU time summed for all threads             :        1.2 seconds

Elapsed time spent obtaining a license            :        0.4 seconds
Elapsed time spent pre-processing model (/PREP7)  :        0.0 seconds
Elapsed time spent solution - preprocessing       :        0.1 seconds
Elapsed time spent computing solution             :        0.6 seconds
Elapsed time spent solution - postprocessing      :        0.0 seconds
Elapsed time spent post-processing model (/POST1) :        0.0 seconds
 
Equation solver used                              :            Sparse (symmetric)
Equation solver computational rate                :       33.0 Gflops

Sum of disk space used on all processes            :       31.8 MB

Sum of memory used on all processes               :      585.0 MB
Sum of memory allocated on all processes          :     2832.0 MB
Physical memory available                         :         15 GB
Total amount of I/O written to disk               :        0.0 GB
Total amount of I/O read from disk                :        0.0 GB

+------------------ E N D   M A P D L   S T A T I S T I C S -------------------+


 *-----------------------------------------------------------------------------*
 |                                                                             |
 |                               RUN COMPLETED                                 |
 |                                                                             |
 |-----------------------------------------------------------------------------|
 |                                                                             |
 |  Ansys MAPDL 2023 R2         Build 23.2         UP20230531    WINDOWS x64   |
 |                                                                             |
 |-----------------------------------------------------------------------------|
 |                                                                             |
 |  Database Requested(-db)     1024 MB     Scratch Memory Requested   1024 MB |
 |  Max Database Used(Master)      6 MB     Max Scratch Used(Master)    147 MB |
 |  Max Database Used(Workers)     1 MB     Max Scratch Used(Workers)   144 MB |
 |  Sum Database Used(All)         9 MB     Sum Scratch Used(All)       576 MB |
 |                                                                             |
 |-----------------------------------------------------------------------------|
 |                                                                             |
 |        CP Time      (sec) =          1.234       Time  =  16:09:24          |
 |        Elapsed Time (sec) =          4.000       Date  =  10/14/2023        |
 |                                                                             |
 *-----------------------------------------------------------------------------*
