
 Ansys Mechanical Enterprise Academic Student      


 *------------------------------------------------------------------*
 |                                                                  |
 |   W E L C O M E   T O   T H E   A N S Y S (R)  P R O G R A M     |
 |                                                                  |
 *------------------------------------------------------------------*




 ***************************************************************
 *         ANSYS MAPDL 2023 R2          LEGAL NOTICES          *
 ***************************************************************
 *                                                             *
 * Copyright 1971-2023 Ansys, Inc.  All rights reserved.       *
 * Unauthorized use, distribution or duplication is            *
 * prohibited.                                                 *
 *                                                             *
 * Ansys is a registered trademark of Ansys, Inc. or its       *
 * subsidiaries in the United States or other countries.       *
 * See the Ansys, Inc. online documentation or the Ansys, Inc. *
 * documentation CD or online help for the complete Legal      *
 * Notice.                                                     *
 *                                                             *
 ***************************************************************
 *                                                             *
 * THIS ANSYS SOFTWARE PRODUCT AND PROGRAM DOCUMENTATION       *
 * INCLUDE TRADE SECRETS AND CONFIDENTIAL AND PROPRIETARY      *
 * PRODUCTS OF ANSYS, INC., ITS SUBSIDIARIES, OR LICENSORS.    *
 * The software products and documentation are furnished by    *
 * Ansys, Inc. or its subsidiaries under a software license    *
 * agreement that contains provisions concerning               *
 * non-disclosure, copying, length and nature of use,          *
 * compliance with exporting laws, warranties, disclaimers,    *
 * limitations of liability, and remedies, and other           *
 * provisions.  The software products and documentation may be *
 * used, disclosed, transferred, or copied only in accordance  *
 * with the terms and conditions of that software license      *
 * agreement.                                                  *
 *                                                             *
 * Ansys, Inc. is a UL registered                              *
 * ISO 9001:2015 company.                                      *
 *                                                             *
 ***************************************************************
 *                                                             *
 * This product is subject to U.S. laws governing export and   *
 * re-export.                                                  *
 *                                                             *
 * For U.S. Government users, except as specifically granted   *
 * by the Ansys, Inc. software license agreement, the use,     *
 * duplication, or disclosure by the United States Government  *
 * is subject to restrictions stated in the Ansys, Inc.        *
 * software license agreement and FAR 12.212 (for non-DOD      *
 * licenses).                                                  *
 *                                                             *
 ***************************************************************

 2023 R2 
     
 Point Releases and Patches installed:   
     
 Discovery 2023 R2   
 Autodyn 2023 R2 
 SpaceClaim 2023 R2  
 CFX (includes CFD-Post) 2023 R2 
 Chemkin 2023 R2 
 EnSight 2023 R2 
 FENSAP-ICE 2023 R2  
 Fluent (includes CFD-Post) 2023 R2  
 Polyflow (includes CFD-Post) 2023 R2
 Forte (includes EnSight) 2023 R2
 TurboGrid 2023 R2   
 Motion 2023 R2  
 Aqwa 2023 R2
 Speos 2023 R2   
 Mechanical Products 2023 R2 
 Material Calibration App 2023 R2
 ACIS Geometry Interface 2023 R2 
 AutoCAD Geometry Interface 2023 R2  
 Catia, Version 4 Geometry Interface 2023 R2 
 Catia, Version 5 Geometry Interface 2023 R2 
 Catia, Version 6 Geometry Interface 2023 R2 
 Creo Elements/Direct Modeling Geometry Interface 2023 R2
 Creo Parametric Geometry Interface 2023 R2  
 Inventor Geometry Interface 2023 R2 
 JTOpen Geometry Interface 2023 R2   
 NX Geometry Interface 2023 R2   
 Parasolid Geometry Interface  2023 R2   
 Solid Edge Geometry Interface 2023 R2   
 SOLIDWORKS Geometry Interface 2023 R2   
 Academic Student 2023 R2


          *****  MAPDL COMMAND LINE ARGUMENTS  *****
  BATCH MODE REQUESTED (-b)    = NOLIST
  INPUT FILE COPY MODE (-c)    = COPY
  DISTRIBUTED MEMORY PARALLEL REQUESTED
       4 PARALLEL PROCESSES REQUESTED WITH SINGLE THREAD PER PROCESS
    TOTAL OF     4 CORES REQUESTED
  INPUT FILE NAME              = C:\Users\skrua\Desktop\CAE machine\HW6\_ProjectScratch\Scr2D62\dummy.dat
  OUTPUT FILE NAME             = C:\Users\skrua\Desktop\CAE machine\HW6\_ProjectScratch\Scr2D62\solve.out
  START-UP FILE MODE           = NOREAD
  STOP FILE MODE               = NOREAD

 RELEASE= 2023 R2              BUILD= 23.2      UP20230531   VERSION=WINDOWS x64 
 CURRENT JOBNAME=file0  10:55:23  NOV 08, 2023 CP=      0.047


 PARAMETER _DS_PROGRESS =     999.0000000    

 /INPUT FILE= ds.dat  LINE=       0



 *** NOTE ***                            CP =       0.156   TIME= 10:55:23
 The /CONFIG,NOELDB command is not valid in a distributed memory         
 parallel solution.  Command is ignored.                                 

 *GET  _WALLSTRT  FROM  ACTI  ITEM=TIME WALL  VALUE=  10.9230556    

 TITLE= 
 Transient_thermal--Transient Thermal (A5)                                     

  ACT Extensions:
      LSDYNA, 2023.2
      5f463412-bd3e-484b-87e7-cbc0a665e474, wbex
 /COM,     ANSYSMotion, 2023.2
      20180725-3f81-49eb-9f31-41364844c769, wbex
  

 SET PARAMETER DIMENSIONS ON  _WB_PROJECTSCRATCH_DIR
  TYPE=STRI  DIMENSIONS=      248        1        1

 PARAMETER _WB_PROJECTSCRATCH_DIR(1) = C:\Users\skrua\Desktop\CAE machine\HW6\_ProjectScratch\Scr2D62\

 SET PARAMETER DIMENSIONS ON  _WB_SOLVERFILES_DIR
  TYPE=STRI  DIMENSIONS=      248        1        1

 PARAMETER _WB_SOLVERFILES_DIR(1) = C:\Users\skrua\Desktop\CAE machine\HW6\Transient_thermal_files\dp0\SYS\MECH\

 SET PARAMETER DIMENSIONS ON  _WB_USERFILES_DIR
  TYPE=STRI  DIMENSIONS=      248        1        1

 PARAMETER _WB_USERFILES_DIR(1) = C:\Users\skrua\Desktop\CAE machine\HW6\Transient_thermal_files\user_files\
 --- Data in consistent NMM units. See Solving Units in the help system for more

 MPA UNITS SPECIFIED FOR INTERNAL    
  LENGTH      = MILLIMETERS (mm)
  MASS        = TONNE (Mg)
  TIME        = SECONDS (sec)
  TEMPERATURE = CELSIUS (C)
  TOFFSET     = 273.0
  FORCE       = NEWTON (N)
  HEAT        = MILLIJOULES (mJ)

 INPUT  UNITS ARE ALSO SET TO MPA 

 *** MAPDL - ENGINEERING ANALYSIS SYSTEM  RELEASE 2023 R2          23.2     ***
 Ansys Mechanical Enterprise Academic Student      
 01055371  VERSION=WINDOWS x64   10:55:23  NOV 08, 2023 CP=      0.156

 Transient_thermal--Transient Thermal (A5)                                     



          ***** MAPDL ANALYSIS DEFINITION (PREP7) *****
 *********** Nodes for the whole assembly ***********
 *********** Elements for Body 1 "Fin_Tube_WS4-FreeParts|FinTube" ***********
 *********** Send User Defined Coordinate System(s) ***********
 *********** Send Materials ***********
 *********** Define Temperature Constraint ***********
 *********** Create "Convection" ***********
 *********** Create "ToAmbient" Radiation ***********
 ***************** Define Uniform Initial temperature ***************


 ***** ROUTINE COMPLETED *****  CP =         0.719


 --- Number of total nodes = 50516
 --- Number of contact elements = 10516
 --- Number of spring elements = 0
 --- Number of bearing elements = 0
 --- Number of solid elements = 9196
 --- Number of condensed parts = 0
 --- Number of total elements = 19712

 *GET  _WALLBSOL  FROM  ACTI  ITEM=TIME WALL  VALUE=  10.9233333    
 ****************************************************************************
 *************************    SOLUTION       ********************************
 ****************************************************************************

 *****  MAPDL SOLUTION ROUTINE  *****


 PERFORM A TRANSIENT ANALYSIS
  THIS WILL BE A NEW ANALYSIS

 STEP BOUNDARY CONDITION KEY= 1

 CONTACT INFORMATION PRINTOUT LEVEL       1

 CHECK INITIAL OPEN/CLOSED STATUS OF SELECTED CONTACT ELEMENTS
      AND LIST DETAILED CONTACT PAIR INFORMATION

 SPLIT CONTACT SURFACES AT SOLVE PHASE

    NUMBER OF SPLITTING TBD BY PROGRAM

 DO NOT SAVE ANY RESTART FILES AT ALL

 DO NOT COMBINE ELEMENT MATRIX FILES (.emat) AFTER DISTRIBUTED PARALLEL SOLUTION

 DO NOT COMBINE ELEMENT SAVE DATA FILES (.esav) AFTER DISTRIBUTED PARALLEL SOLUTION

 Use Full Nonlinear Thermal Transient Solution

 NLHIST: ADDED NODAL RESULTS HISTORY FOR:
       NAME = MAX_TEMP                        
  ITEM/COMP = TEMPMAX 
       NODE =         0

 NLHIST: ADDED NODAL RESULTS HISTORY FOR:
       NAME = MIN_TEMP                        
  ITEM/COMP = TEMPMIN 
       NODE =         0
 ********* Initial Time Increment Check And Fourier Modulus *********
  Specified Initial Time Increment: 0.05
  Estimated Increment Needed, le*le/alpha, Body 1: 0.118935
 ****************************************************
 ******************* SOLVE FOR LS 1 OF 1 ****************

 SPECIFIED CONSTRAINT TEMP FOR PICKED NODES 
 SET ACCORDING TO TABLE PARAMETER = _LOADVARI50

 SELECT       FOR ITEM=TYPE COMPONENT=    
  IN RANGE         2 TO          2 STEP          1

       5258  ELEMENTS (OF      19712  DEFINED) SELECTED BY  ESEL  COMMAND.

 SELECT      ALL NODES HAVING ANY ELEMENT IN ELEMENT SET.

      16753 NODES (OF      50516  DEFINED) SELECTED FROM
     5258 SELECTED ELEMENTS BY NSLE COMMAND.

 GENERATE SURFACE LOAD CONV ON SURFACE DEFINED BY ALL SELECTED NODES
 VALUES=_CONVVARI51  30.0000000    

 NUMBER OF CONV ELEMENT FACE LOADS STORED =       5258

 ALL SELECT   FOR ITEM=NODE COMPONENT=    
  IN RANGE         1 TO      50516 STEP          1

      50516  NODES (OF      50516  DEFINED) SELECTED BY NSEL  COMMAND.

 ALL SELECT   FOR ITEM=ELEM COMPONENT=    
  IN RANGE         1 TO      28424 STEP          1

      19712  ELEMENTS (OF      19712  DEFINED) SELECTED BY  ESEL  COMMAND.

 SPECIFIED CONSTRAINT TEMP FOR PICKED NODES 
 REAL=  30.0000000       IMAG=  0.00000000    

 PRINTOUT RESUMED BY /GOP

 USE AUTOMATIC TIME STEPPING THIS LOAD STEP

 USE     100 SUBSTEPS INITIALLY THIS LOAD STEP FOR ALL  DEGREES OF FREEDOM
 FOR AUTOMATIC TIME STEPPING:
   USE   1000 SUBSTEPS AS A MAXIMUM
   USE     10 SUBSTEPS AS A MINIMUM

 TIME=  5.0000    

 INCLUDE TRANSIENT EFFECTS FOR  ALL DEGREES OF FREEDOM THIS LOAD STEP

 ERASE THE CURRENT DATABASE OUTPUT CONTROL TABLE.


 WRITE ALL  ITEMS TO THE DATABASE WITH A FREQUENCY OF NONE
   FOR ALL APPLICABLE ENTITIES

 WRITE NSOL ITEMS TO THE DATABASE WITH A FREQUENCY OF ALL 
   FOR ALL APPLICABLE ENTITIES

 WRITE RSOL ITEMS TO THE DATABASE WITH A FREQUENCY OF ALL 
   FOR ALL APPLICABLE ENTITIES

 WRITE EANG ITEMS TO THE DATABASE WITH A FREQUENCY OF ALL 
   FOR ALL APPLICABLE ENTITIES

 WRITE VENG ITEMS TO THE DATABASE WITH A FREQUENCY OF ALL 
   FOR ALL APPLICABLE ENTITIES

 WRITE FFLU ITEMS TO THE DATABASE WITH A FREQUENCY OF ALL 
   FOR ALL APPLICABLE ENTITIES

 WRITE CONT ITEMS TO THE DATABASE WITH A FREQUENCY OF ALL 
   FOR ALL APPLICABLE ENTITIES

 PRINTOUT RESUMED BY /GOP

 WRITE MISC ITEMS TO THE DATABASE WITH A FREQUENCY OF ALL 
   FOR THE ENTITIES DEFINED BY COMPONENT _ELMISC 

 CONVERGENCE ON HEAT BASED ON THE NORM OF THE N-R LOAD
   WITH A TOLERANCE OF 0.1000E-02 AND A MINIMUM REFERENCE VALUE OF 0.1000E-02
   USING THE L2 NORM (CHECK THE SRSS VALUE)

 *GET  ANSINTER_  FROM  ACTI  ITEM=INT        VALUE=  0.00000000    

 *IF  ANSINTER_                         ( =   0.00000     )  NE  
      0                                 ( =   0.00000     )  THEN    

 *ENDIF

 *** NOTE ***                            CP =       1.281   TIME= 10:55:24
 The automatic domain decomposition logic has selected the MESH domain   
 decomposition method with 4 processes per solution.                     

 *****  MAPDL SOLVE    COMMAND  *****

 *** WARNING ***                         CP =       1.281   TIME= 10:55:24
 Element shape checking is currently inactive.  Issue SHPP,ON or         
 SHPP,WARN to reactivate, if desired.                                    

 *** NOTE ***                            CP =       1.359   TIME= 10:55:24
 The model data was checked and warning messages were found.             
  Please review output or errors file ( C:\Users\skrua\Desktop\CAE       
 machine\HW6\_ProjectScratch\Scr2D62\file0.err ) for these warning       
 messages.                                                               

 *** MAPDL - ENGINEERING ANALYSIS SYSTEM  RELEASE 2023 R2          23.2     ***
 Ansys Mechanical Enterprise Academic Student      
 01055371  VERSION=WINDOWS x64   10:55:24  NOV 08, 2023 CP=      1.359

 Transient_thermal--Transient Thermal (A5)                                     



                       S O L U T I O N   O P T I O N S

   PROBLEM DIMENSIONALITY. . . . . . . . . . . . .3-D                  
   DEGREES OF FREEDOM. . . . . . TEMP
   ANALYSIS TYPE . . . . . . . . . . . . . . . . .TRANSIENT            
      SOLUTION METHOD. . . . . . . . . . . . . . .FULL                 
   OFFSET TEMPERATURE FROM ABSOLUTE ZERO . . . . .  273.15    
   NEWTON-RAPHSON OPTION . . . . . . . . . . . . .PROGRAM CHOSEN   
   GLOBALLY ASSEMBLED MATRIX . . . . . . . . . . .SYMMETRIC  

 *** NOTE ***                            CP =       1.453   TIME= 10:55:24
 This nonlinear analysis defaults to using the full Newton-Raphson       
 solution procedure.  This can be modified using the NROPT command.      

 *** NOTE ***                            CP =       1.453   TIME= 10:55:24
 The conditions for direct assembly have been met.  No .emat or .erot    
 files will be produced.                                                 

  
  
     D I S T R I B U T E D   D O M A I N   D E C O M P O S E R
  
  ...Number of elements: 19712
  ...Number of nodes:    50516
  ...Decompose to 4 CPU domains
  ...Element load balance ratio =     1.042


                      L O A D   S T E P   O P T I O N S

   LOAD STEP NUMBER. . . . . . . . . . . . . . . .     1
   TIME AT END OF THE LOAD STEP. . . . . . . . . .  5.0000    
   AUTOMATIC TIME STEPPING . . . . . . . . . . . .    ON
      INITIAL NUMBER OF SUBSTEPS . . . . . . . . .   100
      MAXIMUM NUMBER OF SUBSTEPS . . . . . . . . .  1000
      MINIMUM NUMBER OF SUBSTEPS . . . . . . . . .    10
   MAXIMUM NUMBER OF EQUILIBRIUM ITERATIONS. . . .    15
   STEP CHANGE BOUNDARY CONDITIONS . . . . . . . .   YES
   TRANSIENT (INERTIA) EFFECTS
      THERMAL DOFS . . . . . . . . . . . . . . . .    ON
   TRANSIENT INTEGRATION PARAMETERS
      THETA. . . . . . . . . . . . . . . . . . . .  1.0000    
      OSCILLATION LIMIT CRITERION. . . . . . . . . 0.50000    
      TOLERANCE. . . . . . . . . . . . . . . . . .  0.0000    
   TERMINATE ANALYSIS IF NOT CONVERGED . . . . . .YES (EXIT)  
   CONVERGENCE CONTROLS
      LABEL   REFERENCE    TOLERANCE  NORM     MINREF
       HEAT    0.000       0.1000E-02   2     0.1000E-02
   PRINT OUTPUT CONTROLS . . . . . . . . . . . . .NO PRINTOUT
   DATABASE OUTPUT CONTROLS
      ITEM     FREQUENCY   COMPONENT
       ALL       NONE               
      NSOL        ALL               
      RSOL        ALL               
      EANG        ALL               
      VENG        ALL               
      FFLU        ALL               
      CONT        ALL               
      MISC        ALL       _ELMISC 


 SOLUTION MONITORING INFO IS WRITTEN TO FILE= file.mntr                                                                                                                                                                                                                                                           




            **** CENTER OF MASS, MASS, AND MASS MOMENTS OF INERTIA ****

  CALCULATIONS ASSUME ELEMENT MASS AT ELEMENT CENTROID

  TOTAL MASS =  0.50168E-03

                           MOM. OF INERTIA         MOM. OF INERTIA
  CENTER OF MASS            ABOUT ORIGIN        ABOUT CENTER OF MASS

  XC =   33.471          IXX =    7.478          IXX =    1.900    
  YC =   100.00          IYY =    1.521          IYY =   0.3968    
  ZC =   33.471          IZZ =    7.478          IZZ =    1.900    
                         IXY =   -1.679          IXY =  -0.2201E-06
                         IYZ =   -1.679          IYZ =  -0.2186E-06
                         IZX =  -0.4858          IZX =   0.7627E-01


  *** MASS SUMMARY BY ELEMENT TYPE ***

  TYPE      MASS
     1  0.501682E-03

 Range of element maximum matrix coefficients in global coordinates
 Maximum = 1818.49171 at element 5891.                                   
 Minimum = 5.563089797E-02 at element 26159.                             

   *** ELEMENT MATRIX FORMULATION TIMES
     TYPE    NUMBER   ENAME      TOTAL CP  AVE CP

        1      9196  SOLID279      0.453   0.000049
        2      5258  SURF152       0.109   0.000021
        3      5258  SURF152       0.109   0.000021
 Time at end of element matrix formulation CP = 2.359375.                
     HT FLOW CONVERGENCE VALUE=  0.1230E+08  CRITERION=  0.1230E+05

 DISTRIBUTED SPARSE MATRIX DIRECT SOLVER.
  Number of equations =       46642,    Maximum wavefront =     68

  Process memory allocated for solver              =    32.680 MB
  Process memory required for in-core solution     =    31.392 MB
  Process memory required for out-of-core solution =    18.187 MB

  Total memory allocated for solver                =   125.454 MB
  Total memory required for in-core solution       =   120.547 MB
  Total memory required for out-of-core solution   =    70.708 MB

 *** NOTE ***                            CP =       2.797   TIME= 10:55:26
 The Distributed Sparse Matrix Solver is currently running in the        
 in-core memory mode.  This memory mode uses the most amount of memory   
 in order to avoid using the hard drive as much as possible, which most  
 often results in the fastest solution time.  This mode is recommended   
 if enough physical memory is present to accommodate all of the solver   
 data.                                                                   
 Distributed sparse solver maximum pivot= 6967.4783 at node 36965 TEMP.  
 Distributed sparse solver minimum pivot= 242.603092 at node 3811 TEMP.  
 Distributed sparse solver minimum pivot in absolute value= 242.603092   
 at node 3811 TEMP.                                                      
    EQUIL ITER   1 COMPLETED.  NEW TRIANG MATRIX.  MAX DOF INC=   178.0    
     HT FLOW CONVERGENCE VALUE=  0.3452E+06  CRITERION=   3690.    
    EQUIL ITER   2 COMPLETED.  NEW TRIANG MATRIX.  MAX DOF INC=   5.093    
     HT FLOW CONVERGENCE VALUE=   6913.      CRITERION=   3728.    
    EQUIL ITER   3 COMPLETED.  NEW TRIANG MATRIX.  MAX DOF INC=  0.1127    
     HT FLOW CONVERGENCE VALUE=   134.8      CRITERION=   3730.     <<< CONVERGED
    >>> SOLUTION CONVERGED AFTER EQUILIBRIUM ITERATION   3

   *** ELEMENT RESULT CALCULATION TIMES
     TYPE    NUMBER   ENAME      TOTAL CP  AVE CP

        1      9196  SOLID279      0.344   0.000037
        2      5258  SURF152       0.094   0.000018
        3      5258  SURF152       0.188   0.000036

   *** NODAL LOAD CALCULATION TIMES
     TYPE    NUMBER   ENAME      TOTAL CP  AVE CP

        1      9196  SOLID279      0.281   0.000031
        2      5258  SURF152       0.031   0.000006
        3      5258  SURF152       0.016   0.000003
 *** LOAD STEP     1   SUBSTEP     1  COMPLETED.    CUM ITER =      3
 *** TIME =  0.500000E-01     TIME INC =  0.500000E-01
 *** RESPONSE EIGENVALUE =  19.35       OSCILLATION LIMIT = 0.9674    
 *** AUTO TIME STEP:  NEXT TIME INC = 0.25842E-01  DECREASED (FACTOR = 0.5168)

     HT FLOW CONVERGENCE VALUE=  0.2860E+07  CRITERION=   2404.    
    EQUIL ITER   1 COMPLETED.  NEW TRIANG MATRIX.  MAX DOF INC=   23.55    
     HT FLOW CONVERGENCE VALUE=  0.3465E+05  CRITERION=   2596.    
    EQUIL ITER   2 COMPLETED.  NEW TRIANG MATRIX.  MAX DOF INC=  0.3685    
     HT FLOW CONVERGENCE VALUE=   434.3      CRITERION=   2608.     <<< CONVERGED
    >>> SOLUTION CONVERGED AFTER EQUILIBRIUM ITERATION   2
 *** LOAD STEP     1   SUBSTEP     2  COMPLETED.    CUM ITER =      5
 *** TIME =  0.758416E-01     TIME INC =  0.258416E-01
 *** RESPONSE EIGENVALUE =  22.42       OSCILLATION LIMIT = 0.5793    
 *** AUTO TIME STEP:  NEXT TIME INC = 0.22305E-01  DECREASED (FACTOR = 0.8631)

     HT FLOW CONVERGENCE VALUE=  0.1769E+07  CRITERION=   1932.    
    EQUIL ITER   1 COMPLETED.  NEW TRIANG MATRIX.  MAX DOF INC=   14.90    
     HT FLOW CONVERGENCE VALUE=  0.2177E+05  CRITERION=   2154.    
    EQUIL ITER   2 COMPLETED.  NEW TRIANG MATRIX.  MAX DOF INC=  0.2004    
     HT FLOW CONVERGENCE VALUE=   176.0      CRITERION=   2161.     <<< CONVERGED
    >>> SOLUTION CONVERGED AFTER EQUILIBRIUM ITERATION   2
 *** LOAD STEP     1   SUBSTEP     3  COMPLETED.    CUM ITER =      7
 *** TIME =  0.981464E-01     TIME INC =  0.223048E-01
 *** RESPONSE EIGENVALUE =  10.84       OSCILLATION LIMIT = 0.2417    
 *** AUTO STEP TIME:  NEXT TIME INC = 0.22305E-01  UNCHANGED

     HT FLOW CONVERGENCE VALUE=  0.1418E+07  CRITERION=   1650.    
    EQUIL ITER   1 COMPLETED.  NEW TRIANG MATRIX.  MAX DOF INC=   13.09    
     HT FLOW CONVERGENCE VALUE=  0.1330E+05  CRITERION=   1849.    
    EQUIL ITER   2 COMPLETED.  NEW TRIANG MATRIX.  MAX DOF INC=  0.1500    
     HT FLOW CONVERGENCE VALUE=   100.3      CRITERION=   1854.     <<< CONVERGED
    >>> SOLUTION CONVERGED AFTER EQUILIBRIUM ITERATION   2
 *** LOAD STEP     1   SUBSTEP     4  COMPLETED.    CUM ITER =      9
 *** TIME =  0.120451         TIME INC =  0.223048E-01
 *** RESPONSE EIGENVALUE =  8.454       OSCILLATION LIMIT = 0.1886    
 *** AUTO TIME STEP:  NEXT TIME INC = 0.59147E-01  INCREASED (FACTOR = 2.6517)

     HT FLOW CONVERGENCE VALUE=  0.1190E+07  CRITERION=   1442.    
    EQUIL ITER   1 COMPLETED.  NEW TRIANG MATRIX.  MAX DOF INC=   25.25    
     HT FLOW CONVERGENCE VALUE=  0.1547E+05  CRITERION=   1357.    
    EQUIL ITER   2 COMPLETED.  NEW TRIANG MATRIX.  MAX DOF INC=  0.2752    
     HT FLOW CONVERGENCE VALUE=   123.5      CRITERION=   1361.     <<< CONVERGED
    >>> SOLUTION CONVERGED AFTER EQUILIBRIUM ITERATION   2
 *** LOAD STEP     1   SUBSTEP     5  COMPLETED.    CUM ITER =     11
 *** TIME =  0.179598         TIME INC =  0.591465E-01
 *** RESPONSE EIGENVALUE =  7.569       OSCILLATION LIMIT = 0.4477    
 *** AUTO TIME STEP:  NEXT TIME INC = 0.66059E-01  INCREASED (FACTOR = 1.1169)

     HT FLOW CONVERGENCE VALUE=  0.8212E+06  CRITERION=   1107.    
    EQUIL ITER   1 COMPLETED.  NEW TRIANG MATRIX.  MAX DOF INC=   18.91    
     HT FLOW CONVERGENCE VALUE=   6914.      CRITERION=   1015.    
    EQUIL ITER   2 COMPLETED.  NEW TRIANG MATRIX.  MAX DOF INC=  0.1846    
     HT FLOW CONVERGENCE VALUE=   52.94      CRITERION=   1016.     <<< CONVERGED
    >>> SOLUTION CONVERGED AFTER EQUILIBRIUM ITERATION   2
 *** LOAD STEP     1   SUBSTEP     6  COMPLETED.    CUM ITER =     13
 *** TIME =  0.245656         TIME INC =  0.660587E-01
 *** RESPONSE EIGENVALUE =  7.166       OSCILLATION LIMIT = 0.4734    
 *** AUTO TIME STEP:  NEXT TIME INC = 0.69773E-01  INCREASED (FACTOR = 1.0562)

     HT FLOW CONVERGENCE VALUE=  0.5577E+06  CRITERION=   871.9    
    EQUIL ITER   1 COMPLETED.  NEW TRIANG MATRIX.  MAX DOF INC=   12.88    
     HT FLOW CONVERGENCE VALUE=   3782.      CRITERION=   789.6    
    EQUIL ITER   2 COMPLETED.  NEW TRIANG MATRIX.  MAX DOF INC=  0.1128    
     HT FLOW CONVERGENCE VALUE=   27.99      CRITERION=   790.5     <<< CONVERGED
    >>> SOLUTION CONVERGED AFTER EQUILIBRIUM ITERATION   2
 *** LOAD STEP     1   SUBSTEP     7  COMPLETED.    CUM ITER =     15
 *** TIME =  0.315429         TIME INC =  0.697728E-01
 *** RESPONSE EIGENVALUE =  6.703       OSCILLATION LIMIT = 0.4677    
 *** AUTO TIME STEP:  NEXT TIME INC = 0.74593E-01  INCREASED (FACTOR = 1.0691)

     HT FLOW CONVERGENCE VALUE=  0.3799E+06  CRITERION=   714.0    
    EQUIL ITER   1 COMPLETED.  NEW TRIANG MATRIX.  MAX DOF INC=   9.059    
     HT FLOW CONVERGENCE VALUE=   2531.      CRITERION=   644.1    
    EQUIL ITER   2 COMPLETED.  NEW TRIANG MATRIX.  MAX DOF INC=  0.8835E-01
     HT FLOW CONVERGENCE VALUE=   19.05      CRITERION=   644.6     <<< CONVERGED
    >>> SOLUTION CONVERGED AFTER EQUILIBRIUM ITERATION   2
 *** LOAD STEP     1   SUBSTEP     8  COMPLETED.    CUM ITER =     17
 *** TIME =  0.390022         TIME INC =  0.745926E-01
 *** RESPONSE EIGENVALUE =  6.103       OSCILLATION LIMIT = 0.4552    
 *** AUTO TIME STEP:  NEXT TIME INC = 0.81931E-01  INCREASED (FACTOR = 1.0984)

     HT FLOW CONVERGENCE VALUE=  0.2609E+06  CRITERION=   608.3    
    EQUIL ITER   1 COMPLETED.  NEW TRIANG MATRIX.  MAX DOF INC=   7.244    
     HT FLOW CONVERGENCE VALUE=   1742.      CRITERION=   551.1    
    EQUIL ITER   2 COMPLETED.  NEW TRIANG MATRIX.  MAX DOF INC=  0.5868E-01
     HT FLOW CONVERGENCE VALUE=   13.16      CRITERION=   551.5     <<< CONVERGED
    >>> SOLUTION CONVERGED AFTER EQUILIBRIUM ITERATION   2
 *** LOAD STEP     1   SUBSTEP     9  COMPLETED.    CUM ITER =     19
 *** TIME =  0.471953         TIME INC =  0.819313E-01
 *** RESPONSE EIGENVALUE =  5.360       OSCILLATION LIMIT = 0.4392    
 *** AUTO TIME STEP:  NEXT TIME INC = 0.93282E-01  INCREASED (FACTOR = 1.1385)

     HT FLOW CONVERGENCE VALUE=  0.1813E+06  CRITERION=   537.4    
    EQUIL ITER   1 COMPLETED.  NEW TRIANG MATRIX.  MAX DOF INC=   5.965    
     HT FLOW CONVERGENCE VALUE=   1274.      CRITERION=   492.4    
    EQUIL ITER   2 COMPLETED.  NEW TRIANG MATRIX.  MAX DOF INC=  0.4528E-01
     HT FLOW CONVERGENCE VALUE=   9.041      CRITERION=   492.6     <<< CONVERGED
    >>> SOLUTION CONVERGED AFTER EQUILIBRIUM ITERATION   2
 *** LOAD STEP     1   SUBSTEP    10  COMPLETED.    CUM ITER =     21
 *** TIME =  0.565236         TIME INC =  0.932825E-01
 *** RESPONSE EIGENVALUE =  4.517       OSCILLATION LIMIT = 0.4214    
 *** AUTO TIME STEP:  NEXT TIME INC = 0.11069      INCREASED (FACTOR = 1.1866)

     HT FLOW CONVERGENCE VALUE=  0.1277E+06  CRITERION=   489.9    
    EQUIL ITER   1 COMPLETED.  NEW TRIANG MATRIX.  MAX DOF INC=   5.052    
     HT FLOW CONVERGENCE VALUE=   991.7      CRITERION=   455.7    
    EQUIL ITER   2 COMPLETED.  NEW TRIANG MATRIX.  MAX DOF INC= -0.3588E-01
     HT FLOW CONVERGENCE VALUE=   6.944      CRITERION=   455.9     <<< CONVERGED
    >>> SOLUTION CONVERGED AFTER EQUILIBRIUM ITERATION   2
 *** LOAD STEP     1   SUBSTEP    11  COMPLETED.    CUM ITER =     23
 *** TIME =  0.675921         TIME INC =  0.110685    
 *** RESPONSE EIGENVALUE =  3.673       OSCILLATION LIMIT = 0.4066    
 *** AUTO TIME STEP:  NEXT TIME INC = 0.13611      INCREASED (FACTOR = 1.2297)

     HT FLOW CONVERGENCE VALUE=  0.9121E+05  CRITERION=   458.4    
    EQUIL ITER   1 COMPLETED.  NEW TRIANG MATRIX.  MAX DOF INC=   4.320    
     HT FLOW CONVERGENCE VALUE=   787.5      CRITERION=   433.4    
    EQUIL ITER   2 COMPLETED.  NEW TRIANG MATRIX.  MAX DOF INC= -0.3642E-01
     HT FLOW CONVERGENCE VALUE=   5.731      CRITERION=   433.6     <<< CONVERGED
    >>> SOLUTION CONVERGED AFTER EQUILIBRIUM ITERATION   2
 *** LOAD STEP     1   SUBSTEP    12  COMPLETED.    CUM ITER =     25
 *** TIME =  0.812033         TIME INC =  0.136112    
 *** RESPONSE EIGENVALUE =  2.952       OSCILLATION LIMIT = 0.4018    
 *** AUTO TIME STEP:  NEXT TIME INC = 0.16939      INCREASED (FACTOR = 1.2445)

     HT FLOW CONVERGENCE VALUE=  0.6561E+05  CRITERION=   438.0    
    EQUIL ITER   1 COMPLETED.  NEW TRIANG MATRIX.  MAX DOF INC=   3.624    
     HT FLOW CONVERGENCE VALUE=   610.4      CRITERION=   420.7    
    EQUIL ITER   2 COMPLETED.  NEW TRIANG MATRIX.  MAX DOF INC= -0.3396E-01
     HT FLOW CONVERGENCE VALUE=   4.633      CRITERION=   420.8     <<< CONVERGED
    >>> SOLUTION CONVERGED AFTER EQUILIBRIUM ITERATION   2
 *** LOAD STEP     1   SUBSTEP    13  COMPLETED.    CUM ITER =     27
 *** TIME =  0.981425         TIME INC =  0.169392    
 *** RESPONSE EIGENVALUE =  2.427       OSCILLATION LIMIT = 0.4110    
 *** AUTO TIME STEP:  NEXT TIME INC = 0.20606      INCREASED (FACTOR = 1.2165)

     HT FLOW CONVERGENCE VALUE=  0.4706E+05  CRITERION=   425.4    
    EQUIL ITER   1 COMPLETED.  NEW TRIANG MATRIX.  MAX DOF INC=   2.876    
     HT FLOW CONVERGENCE VALUE=   456.6      CRITERION=   414.0    
    EQUIL ITER   2 COMPLETED.  NEW TRIANG MATRIX.  MAX DOF INC= -0.2845E-01
     HT FLOW CONVERGENCE VALUE=   3.650      CRITERION=   414.1     <<< CONVERGED
    >>> SOLUTION CONVERGED AFTER EQUILIBRIUM ITERATION   2
 *** LOAD STEP     1   SUBSTEP    14  COMPLETED.    CUM ITER =     29
 *** TIME =   1.18748         TIME INC =  0.206058    
 *** RESPONSE EIGENVALUE =  2.087       OSCILLATION LIMIT = 0.4301    
 *** AUTO TIME STEP:  NEXT TIME INC = 0.23957      INCREASED (FACTOR = 1.1626)

     HT FLOW CONVERGENCE VALUE=  0.3339E+05  CRITERION=   418.2    
    EQUIL ITER   1 COMPLETED.  NEW TRIANG MATRIX.  MAX DOF INC=   2.139    
     HT FLOW CONVERGENCE VALUE=   317.0      CRITERION=   410.9     <<< CONVERGED
    >>> SOLUTION CONVERGED AFTER EQUILIBRIUM ITERATION   1
 *** LOAD STEP     1   SUBSTEP    15  COMPLETED.    CUM ITER =     30
 *** TIME =   1.42705         TIME INC =  0.239565    
 *** RESPONSE EIGENVALUE =  1.879       OSCILLATION LIMIT = 0.4502    
 *** AUTO TIME STEP:  NEXT TIME INC = 0.26605      INCREASED (FACTOR = 1.1106)

     HT FLOW CONVERGENCE VALUE=  0.2337E+05  CRITERION=   414.1    
    EQUIL ITER   1 COMPLETED.  NEW TRIANG MATRIX.  MAX DOF INC=   1.515    
     HT FLOW CONVERGENCE VALUE=   208.7      CRITERION=   409.5     <<< CONVERGED
    >>> SOLUTION CONVERGED AFTER EQUILIBRIUM ITERATION   1
 *** LOAD STEP     1   SUBSTEP    16  COMPLETED.    CUM ITER =     31
 *** TIME =   1.69310         TIME INC =  0.266052    
 *** RESPONSE EIGENVALUE =  1.744       OSCILLATION LIMIT = 0.4639    
 *** AUTO TIME STEP:  NEXT TIME INC = 0.28674      INCREASED (FACTOR = 1.0778)

     HT FLOW CONVERGENCE VALUE=  0.1622E+05  CRITERION=   412.0    
    EQUIL ITER   1 COMPLETED.  NEW TRIANG MATRIX.  MAX DOF INC=   1.042    
     HT FLOW CONVERGENCE VALUE=   134.2      CRITERION=   409.0     <<< CONVERGED
    >>> SOLUTION CONVERGED AFTER EQUILIBRIUM ITERATION   1
 *** LOAD STEP     1   SUBSTEP    17  COMPLETED.    CUM ITER =     32
 *** TIME =   1.97984         TIME INC =  0.286739    
 *** RESPONSE EIGENVALUE =  1.655       OSCILLATION LIMIT = 0.4746    
 *** AUTO TIME STEP:  NEXT TIME INC = 0.30210      INCREASED (FACTOR = 1.0536)

     HT FLOW CONVERGENCE VALUE=  0.1116E+05  CRITERION=   410.9    
    EQUIL ITER   1 COMPLETED.  NEW TRIANG MATRIX.  MAX DOF INC=  0.7004    
     HT FLOW CONVERGENCE VALUE=   85.19      CRITERION=   408.9     <<< CONVERGED
    >>> SOLUTION CONVERGED AFTER EQUILIBRIUM ITERATION   1
 *** LOAD STEP     1   SUBSTEP    18  COMPLETED.    CUM ITER =     33
 *** TIME =   2.28194         TIME INC =  0.302097    
 *** RESPONSE EIGENVALUE =  1.595       OSCILLATION LIMIT = 0.4817    
 *** AUTO TIME STEP:  NEXT TIME INC = 0.31356      INCREASED (FACTOR = 1.0379)

     HT FLOW CONVERGENCE VALUE=   7632.      CRITERION=   410.2    
    EQUIL ITER   1 COMPLETED.  NEW TRIANG MATRIX.  MAX DOF INC=  0.4662    
     HT FLOW CONVERGENCE VALUE=   53.61      CRITERION=   409.0     <<< CONVERGED
    >>> SOLUTION CONVERGED AFTER EQUILIBRIUM ITERATION   1
 *** LOAD STEP     1   SUBSTEP    19  COMPLETED.    CUM ITER =     34
 *** TIME =   2.59550         TIME INC =  0.313560    
 *** RESPONSE EIGENVALUE =  1.552       OSCILLATION LIMIT = 0.4867    
 *** AUTO TIME STEP:  NEXT TIME INC = 0.32215      INCREASED (FACTOR = 1.0274)

     HT FLOW CONVERGENCE VALUE=   5195.      CRITERION=   409.9    
    EQUIL ITER   1 COMPLETED.  NEW TRIANG MATRIX.  MAX DOF INC=  0.3089    
     HT FLOW CONVERGENCE VALUE=   33.84      CRITERION=   409.1     <<< CONVERGED
    >>> SOLUTION CONVERGED AFTER EQUILIBRIUM ITERATION   1
 *** LOAD STEP     1   SUBSTEP    20  COMPLETED.    CUM ITER =     35
 *** TIME =   2.91765         TIME INC =  0.322155    
 *** AUTO TIME STEP:  NEXT TIME INC = 0.50000      INCREASED (FACTOR = 1.5520)

     HT FLOW CONVERGENCE VALUE=   3524.      CRITERION=   409.7    
    EQUIL ITER   1 COMPLETED.  NEW TRIANG MATRIX.  MAX DOF INC=  0.2627    
     HT FLOW CONVERGENCE VALUE=   27.01      CRITERION=   409.2     <<< CONVERGED
    >>> SOLUTION CONVERGED AFTER EQUILIBRIUM ITERATION   1
 *** LOAD STEP     1   SUBSTEP    21  COMPLETED.    CUM ITER =     36
 *** TIME =   3.41765         TIME INC =  0.500000    
 *** AUTO STEP TIME:  NEXT TIME INC = 0.50000      UNCHANGED

     HT FLOW CONVERGENCE VALUE=   2040.      CRITERION=   409.5    
    EQUIL ITER   1 COMPLETED.  NEW TRIANG MATRIX.  MAX DOF INC=  0.1466    
     HT FLOW CONVERGENCE VALUE=   14.26      CRITERION=   409.3     <<< CONVERGED
    >>> SOLUTION CONVERGED AFTER EQUILIBRIUM ITERATION   1
 *** LOAD STEP     1   SUBSTEP    22  COMPLETED.    CUM ITER =     37
 *** TIME =   3.91765         TIME INC =  0.500000    
 *** AUTO STEP TIME:  NEXT TIME INC = 0.50000      UNCHANGED

     HT FLOW CONVERGENCE VALUE=   1187.      CRITERION=   409.5    
    EQUIL ITER   1 COMPLETED.  NEW TRIANG MATRIX.  MAX DOF INC=  0.8263E-01
     HT FLOW CONVERGENCE VALUE=   7.654      CRITERION=   409.3     <<< CONVERGED
    >>> SOLUTION CONVERGED AFTER EQUILIBRIUM ITERATION   1
 *** LOAD STEP     1   SUBSTEP    23  COMPLETED.    CUM ITER =     38
 *** TIME =   4.41765         TIME INC =  0.500000    
 *** AUTO TIME STEP:  NEXT TIME INC = 0.29117      DECREASED (FACTOR = 0.5823)

     HT FLOW CONVERGENCE VALUE=   692.5      CRITERION=   409.4    
    EQUIL ITER   1 COMPLETED.  NEW TRIANG MATRIX.  MAX DOF INC=  0.3338E-01
     HT FLOW CONVERGENCE VALUE=   2.984      CRITERION=   409.3     <<< CONVERGED
    >>> SOLUTION CONVERGED AFTER EQUILIBRIUM ITERATION   1
 *** LOAD STEP     1   SUBSTEP    24  COMPLETED.    CUM ITER =     39
 *** TIME =   4.70883         TIME INC =  0.291175    
 *** AUTO STEP TIME:  NEXT TIME INC = 0.29117      UNCHANGED

     HT FLOW CONVERGENCE VALUE=   489.9      CRITERION=   409.4    
    EQUIL ITER   1 COMPLETED.  NEW TRIANG MATRIX.  MAX DOF INC=  0.2320E-01
     HT FLOW CONVERGENCE VALUE=   2.015      CRITERION=   409.4     <<< CONVERGED
    >>> SOLUTION CONVERGED AFTER EQUILIBRIUM ITERATION   1
 *** LOAD STEP     1   SUBSTEP    25  COMPLETED.    CUM ITER =     40
 *** TIME =   5.00000         TIME INC =  0.291175    


 *** MAPDL BINARY FILE STATISTICS
  BUFFER SIZE USED= 16384
        0.938 MB WRITTEN ON ELEMENT SAVED DATA FILE: file0.esav
        5.500 MB WRITTEN ON ASSEMBLED MATRIX FILE: file0.full
       27.562 MB WRITTEN ON RESULTS FILE: file0.rth
 *************** Write FE CONNECTORS *********

 WRITE OUT CONSTRAINT EQUATIONS TO FILE= file.ce                                                                                                                                                                                                                                                             
 ****************************************************
 *************** FINISHED SOLVE FOR LS 1 *************

 *GET  _WALLASOL  FROM  ACTI  ITEM=TIME WALL  VALUE=  10.9350000    

 FINISH SOLUTION PROCESSING


 ***** ROUTINE COMPLETED *****  CP =        32.156



 *** MAPDL - ENGINEERING ANALYSIS SYSTEM  RELEASE 2023 R2          23.2     ***
 Ansys Mechanical Enterprise Academic Student      
 01055371  VERSION=WINDOWS x64   10:56:08  NOV 08, 2023 CP=     32.172

 Transient_thermal--Transient Thermal (A5)                                     



          ***** MAPDL RESULTS INTERPRETATION (POST1) *****

 *** NOTE ***                            CP =      32.172   TIME= 10:56:08
 Reading results into the database (SET command) will update the current 
 displacement and force boundary conditions in the database with the     
 values from the results file for that load set.  Note that any          
 subsequent solutions will use these values unless action is taken to    
 either SAVE the current values or not overwrite them (/EXIT,NOSAVE).    

 Set Encoding of XML File to:ISO-8859-1

 Set Output of XML File to:
     PARM,     ,     ,     ,     ,     ,     ,     ,     ,     ,     ,     ,
         ,     ,     ,     ,     ,     ,     ,

 DATABASE WRITTEN ON FILE  parm.xml                                                                                                                                                                                                                                                            

 EXIT THE MAPDL POST1 DATABASE PROCESSOR


 ***** ROUTINE COMPLETED *****  CP =        32.172



 PRINTOUT RESUMED BY /GOP

 *GET  _WALLDONE  FROM  ACTI  ITEM=TIME WALL  VALUE=  10.9355556    

 PARAMETER _PREPTIME =     1.000000000    

 PARAMETER _SOLVTIME =     42.00000000    

 PARAMETER _POSTTIME =     2.000000000    

 PARAMETER _TOTALTIM =     45.00000000    

 *GET  _DLBRATIO  FROM  ACTI  ITEM=SOLU DLBR  VALUE=  1.04241071    

 *GET  _COMBTIME  FROM  ACTI  ITEM=SOLU COMB  VALUE=  1.72252770    

 *GET  _SSMODE   FROM  ACTI  ITEM=SOLU SSMM  VALUE=  2.00000000    

 *GET  _NDOFS    FROM  ACTI  ITEM=SOLU NDOF  VALUE=  46642.0000    

 /FCLEAN COMMAND REMOVING ALL LOCAL FILES
 --- Total number of nodes = 50516
 --- Total number of elements = 19712
 --- Element load balance ratio = 1.04241071
 --- Time to combine distributed files = 1.7225277
 --- Sparse memory mode = 2
 --- Number of DOF = 46642

 EXIT MAPDL WITHOUT SAVING DATABASE


 NUMBER OF WARNING MESSAGES ENCOUNTERED=          1
 NUMBER OF ERROR   MESSAGES ENCOUNTERED=          0

+--------------------- M A P D L   S T A T I S T I C S ------------------------+

Release: 2023 R2            Build: 23.2       Update: UP20230531   Platform: WINDOWS x64 
Date Run: 11/08/2023   Time: 10:56     Process ID: 25932
Operating System: Windows 11  (Build: 22621)

Processor Model: AMD Ryzen 7 5800H with Radeon Graphics

Compiler: Intel(R) Fortran Compiler Version 19.0.5  (Build: 20190815)
          Intel(R) C/C++ Compiler Version 19.0.5  (Build: 20190815)
          Intel(R) Math Kernel Library Version 2020.0.0 Product Build 20191125
          BLAS Library supplied by AMD BLIS

Number of machines requested            :    1
Total number of cores available         :   16
Number of physical cores available      :    8
Number of processes requested           :    4
Number of threads per process requested :    1
Total number of cores requested         :    4 (Distributed Memory Parallel)               
MPI Type: INTELMPI
MPI Version: Intel(R) MPI Library 2021.8 for Windows* OS


GPU Acceleration: Not Requested

Job Name: file0
Input File: dummy.dat

  Core                Machine Name   Working Directory
 -----------------------------------------------------
     0                    NO-TOUCH   C:\Users\skrua\Desktop\CAE machine\HW6\_ProjectScratch\Scr2D62
     1                    NO-TOUCH   C:\Users\skrua\Desktop\CAE machine\HW6\_ProjectScratch\Scr2D62
     2                    NO-TOUCH   C:\Users\skrua\Desktop\CAE machine\HW6\_ProjectScratch\Scr2D62
     3                    NO-TOUCH   C:\Users\skrua\Desktop\CAE machine\HW6\_ProjectScratch\Scr2D62
 
Latency time from master to core     1 =   10.346 microseconds
Latency time from master to core     2 =    8.495 microseconds
Latency time from master to core     3 =    7.466 microseconds
 
Communication speed from master to core     1 =  2831.25 MB/sec
Communication speed from master to core     2 =  5620.27 MB/sec
Communication speed from master to core     3 =  4785.29 MB/sec

Total CPU time for main thread                    :       30.8 seconds
Total CPU time summed for all threads             :       32.5 seconds

Elapsed time spent obtaining a license            :        0.5 seconds
Elapsed time spent pre-processing model (/PREP7)  :        0.4 seconds
Elapsed time spent solution - preprocessing       :        0.4 seconds
Elapsed time spent computing solution             :       42.0 seconds
Elapsed time spent solution - postprocessing      :        1.7 seconds
Elapsed time spent post-processing model (/POST1) :        0.0 seconds
 
Equation solver used                              :            Sparse (symmetric)

Sum of disk space used on all processes            :      217.7 MB

Sum of memory used on all processes               :      711.0 MB
Sum of memory allocated on all processes          :     2832.0 MB
Physical memory available                         :         15 GB
Total amount of I/O written to disk               :        0.3 GB
Total amount of I/O read from disk                :        0.2 GB

+------------------ E N D   M A P D L   S T A T I S T I C S -------------------+


 *-----------------------------------------------------------------------------*
 |                                                                             |
 |                               RUN COMPLETED                                 |
 |                                                                             |
 |-----------------------------------------------------------------------------|
 |                                                                             |
 |  Ansys MAPDL 2023 R2         Build 23.2         UP20230531    WINDOWS x64   |
 |                                                                             |
 |-----------------------------------------------------------------------------|
 |                                                                             |
 |  Database Requested(-db)     1024 MB     Scratch Memory Requested   1024 MB |
 |  Max Database Used(Master)     33 MB     Max Scratch Used(Master)    178 MB |
 |  Max Database Used(Workers)     1 MB     Max Scratch Used(Workers)   166 MB |
 |  Sum Database Used(All)        36 MB     Sum Scratch Used(All)       675 MB |
 |                                                                             |
 |-----------------------------------------------------------------------------|
 |                                                                             |
 |        CP Time      (sec) =         32.531       Time  =  10:56:09          |
 |        Elapsed Time (sec) =         47.000       Date  =  11/08/2023        |
 |                                                                             |
 *-----------------------------------------------------------------------------*
