
 Ansys Mechanical Enterprise Academic Student      


 *------------------------------------------------------------------*
 |                                                                  |
 |   W E L C O M E   T O   T H E   A N S Y S (R)  P R O G R A M     |
 |                                                                  |
 *------------------------------------------------------------------*




 ***************************************************************
 *         ANSYS MAPDL 2023 R2          LEGAL NOTICES          *
 ***************************************************************
 *                                                             *
 * Copyright 1971-2023 Ansys, Inc.  All rights reserved.       *
 * Unauthorized use, distribution or duplication is            *
 * prohibited.                                                 *
 *                                                             *
 * Ansys is a registered trademark of Ansys, Inc. or its       *
 * subsidiaries in the United States or other countries.       *
 * See the Ansys, Inc. online documentation or the Ansys, Inc. *
 * documentation CD or online help for the complete Legal      *
 * Notice.                                                     *
 *                                                             *
 ***************************************************************
 *                                                             *
 * THIS ANSYS SOFTWARE PRODUCT AND PROGRAM DOCUMENTATION       *
 * INCLUDE TRADE SECRETS AND CONFIDENTIAL AND PROPRIETARY      *
 * PRODUCTS OF ANSYS, INC., ITS SUBSIDIARIES, OR LICENSORS.    *
 * The software products and documentation are furnished by    *
 * Ansys, Inc. or its subsidiaries under a software license    *
 * agreement that contains provisions concerning               *
 * non-disclosure, copying, length and nature of use,          *
 * compliance with exporting laws, warranties, disclaimers,    *
 * limitations of liability, and remedies, and other           *
 * provisions.  The software products and documentation may be *
 * used, disclosed, transferred, or copied only in accordance  *
 * with the terms and conditions of that software license      *
 * agreement.                                                  *
 *                                                             *
 * Ansys, Inc. is a UL registered                              *
 * ISO 9001:2015 company.                                      *
 *                                                             *
 ***************************************************************
 *                                                             *
 * This product is subject to U.S. laws governing export and   *
 * re-export.                                                  *
 *                                                             *
 * For U.S. Government users, except as specifically granted   *
 * by the Ansys, Inc. software license agreement, the use,     *
 * duplication, or disclosure by the United States Government  *
 * is subject to restrictions stated in the Ansys, Inc.        *
 * software license agreement and FAR 12.212 (for non-DOD      *
 * licenses).                                                  *
 *                                                             *
 ***************************************************************

 2023 R2 
     
 Point Releases and Patches installed:   
     
 Discovery 2023 R2   
 Autodyn 2023 R2 
 SpaceClaim 2023 R2  
 CFX (includes CFD-Post) 2023 R2 
 Chemkin 2023 R2 
 EnSight 2023 R2 
 FENSAP-ICE 2023 R2  
 Fluent (includes CFD-Post) 2023 R2  
 Polyflow (includes CFD-Post) 2023 R2
 Forte (includes EnSight) 2023 R2
 TurboGrid 2023 R2   
 Motion 2023 R2  
 Aqwa 2023 R2
 Speos 2023 R2   
 Mechanical Products 2023 R2 
 Material Calibration App 2023 R2
 ACIS Geometry Interface 2023 R2 
 AutoCAD Geometry Interface 2023 R2  
 Catia, Version 4 Geometry Interface 2023 R2 
 Catia, Version 5 Geometry Interface 2023 R2 
 Catia, Version 6 Geometry Interface 2023 R2 
 Creo Elements/Direct Modeling Geometry Interface 2023 R2
 Creo Parametric Geometry Interface 2023 R2  
 Inventor Geometry Interface 2023 R2 
 JTOpen Geometry Interface 2023 R2   
 NX Geometry Interface 2023 R2   
 Parasolid Geometry Interface  2023 R2   
 Solid Edge Geometry Interface 2023 R2   
 SOLIDWORKS Geometry Interface 2023 R2   
 Academic Student 2023 R2


          *****  MAPDL COMMAND LINE ARGUMENTS  *****
  BATCH MODE REQUESTED (-b)    = NOLIST
  INPUT FILE COPY MODE (-c)    = COPY
  DISTRIBUTED MEMORY PARALLEL REQUESTED
       4 PARALLEL PROCESSES REQUESTED WITH SINGLE THREAD PER PROCESS
    TOTAL OF     4 CORES REQUESTED
  INPUT FILE NAME              = C:\Users\skrua\AppData\Local\Temp\WB_skrua_12264_2\_ProjectScratch\ScrCFEB\dummy.dat
  OUTPUT FILE NAME             = C:\Users\skrua\AppData\Local\Temp\WB_skrua_12264_2\_ProjectScratch\ScrCFEB\solve.out
  START-UP FILE MODE           = NOREAD
  STOP FILE MODE               = NOREAD

 RELEASE= 2023 R2              BUILD= 23.2      UP20230531   VERSION=WINDOWS x64 
 CURRENT JOBNAME=file0  00:54:23  NOV 08, 2023 CP=      0.000


 PARAMETER _DS_PROGRESS =     999.0000000    

 /INPUT FILE= ds.dat  LINE=       0



 *** NOTE ***                            CP =       0.125   TIME= 00:54:23
 The /CONFIG,NOELDB command is not valid in a distributed memory         
 parallel solution.  Command is ignored.                                 

 *GET  _WALLSTRT  FROM  ACTI  ITEM=TIME WALL  VALUE= 0.906388889    

 TITLE= 
 wbnew--Modal (A5)                                                             

  ACT Extensions:
      LSDYNA, 2023.2
      5f463412-bd3e-484b-87e7-cbc0a665e474, wbex
 /COM,     ANSYSMotion, 2023.2
      20180725-3f81-49eb-9f31-41364844c769, wbex
  

 SET PARAMETER DIMENSIONS ON  _WB_PROJECTSCRATCH_DIR
  TYPE=STRI  DIMENSIONS=      248        1        1

 PARAMETER _WB_PROJECTSCRATCH_DIR(1) = C:\Users\skrua\AppData\Local\Temp\WB_skrua_12264_2\_ProjectScratch\ScrCFEB\

 SET PARAMETER DIMENSIONS ON  _WB_SOLVERFILES_DIR
  TYPE=STRI  DIMENSIONS=      248        1        1

 PARAMETER _WB_SOLVERFILES_DIR(1) = C:\Users\skrua\AppData\Local\Temp\WB_skrua_12264_2\wbnew_files\dp0\SYS\MECH\

 SET PARAMETER DIMENSIONS ON  _WB_USERFILES_DIR
  TYPE=STRI  DIMENSIONS=      248        1        1

 PARAMETER _WB_USERFILES_DIR(1) = C:\Users\skrua\AppData\Local\Temp\WB_skrua_12264_2\wbnew_files\user_files\
 --- Data in consistent NMM units. See Solving Units in the help system for more

 MPA UNITS SPECIFIED FOR INTERNAL    
  LENGTH      = MILLIMETERS (mm)
  MASS        = TONNE (Mg)
  TIME        = SECONDS (sec)
  TEMPERATURE = CELSIUS (C)
  TOFFSET     = 273.0
  FORCE       = NEWTON (N)
  HEAT        = MILLIJOULES (mJ)

 INPUT  UNITS ARE ALSO SET TO MPA 

 *** MAPDL - ENGINEERING ANALYSIS SYSTEM  RELEASE 2023 R2          23.2     ***
 Ansys Mechanical Enterprise Academic Student      
 01055371  VERSION=WINDOWS x64   00:54:23  NOV 08, 2023 CP=      0.125

 wbnew--Modal (A5)                                                             



          ***** MAPDL ANALYSIS DEFINITION (PREP7) *****
 *********** Nodes for the whole assembly ***********
 *********** Elements for Body 1 "AluminumBar-1.5t_first floor" ***********
 *********** Elements for Body 2 "AluminumBar-1.5t_first floor" ***********
 *********** Elements for Body 3 "AluminumBar-1.5t_filler" ***********
 *********** Elements for Body 4 "AluminumBar-1.5t_filler" ***********
 *********** Elements for Body 5 "RigidMass3" ***********
 *********** Elements for Body 6 "RigidMass1" ***********
 *********** Elements for Body 7 "RigidMass2" ***********
 *********** Elements for Body 8 "AluminumBar-1.5t_2nd floor" ***********
 *********** Elements for Body 9 "AluminumBar-1.5t_2nd floor" ***********
 *********** Send User Defined Coordinate System(s) ***********
 *********** Set Reference Temperature ***********
 *********** Send Materials ***********
 *********** Create Contact "Contact Region" ***********
             Real Constant Set For Above Contact Is 11 & 10
 *********** Create Contact "Contact Region 2" ***********
             Real Constant Set For Above Contact Is 13 & 12
 *********** Create Contact "Contact Region 3" ***********
             Real Constant Set For Above Contact Is 15 & 14
 *********** Create Contact "Contact Region 4" ***********
             Real Constant Set For Above Contact Is 17 & 16
 *********** Create Contact "Contact Region 5" ***********
             Real Constant Set For Above Contact Is 19 & 18
 *********** Create Contact "Contact Region 6" ***********
             Real Constant Set For Above Contact Is 21 & 20
 *********** Create Contact "Contact Region 7" ***********
             Real Constant Set For Above Contact Is 23 & 22
 *********** Create Contact "Contact Region 8" ***********
             Real Constant Set For Above Contact Is 25 & 24
 *********** Create Contact "Contact Region 9" ***********
             Real Constant Set For Above Contact Is 27 & 26
 *********** Create Contact "Contact Region 10" ***********
             Real Constant Set For Above Contact Is 29 & 28
 *********** Fixed Supports ***********


 ***** ROUTINE COMPLETED *****  CP =         0.266


 --- Number of total nodes = 5611
 --- Number of contact elements = 900
 --- Number of spring elements = 0
 --- Number of bearing elements = 0
 --- Number of solid elements = 1466
 --- Number of condensed parts = 0
 --- Number of total elements = 2366

 *GET  _WALLBSOL  FROM  ACTI  ITEM=TIME WALL  VALUE= 0.906388889    

 *****  MAPDL SOLUTION ROUTINE  *****


 PERFORM A MODAL ANALYSIS
  THIS WILL BE A NEW ANALYSIS

 PARAMETER _THICKRATIO =     0.000000000    


 USE SYM. BLOCK LANCZOS MODE EXTRACTION METHOD
  EXTRACT     5 MODES
  NORMALIZE THE MODE SHAPES TO THE MASS MATRIX

 ERASE THE CURRENT DATABASE OUTPUT CONTROL TABLE.


 WRITE ALL  ITEMS TO THE DATABASE WITH A FREQUENCY OF NONE
   FOR ALL APPLICABLE ENTITIES

 WRITE NSOL ITEMS TO THE DATABASE WITH A FREQUENCY OF ALL 
   FOR ALL APPLICABLE ENTITIES


 EXPAND ALL EXTRACTED MODES
  DO NOT CALCULATE ELEMENT RESULTS

 DO NOT COMBINE ELEMENT SAVE DATA FILES (.esav) AFTER DISTRIBUTED PARALLEL SOLUTION

 DO NOT COMBINE ELEMENT MATRIX FILES (.emat) AFTER DISTRIBUTED PARALLEL SOLUTION

 DO NOT COMBINE ASSEMBLED MATRIX FILES (.full) AFTER DISTRIBUTED PARALLEL SOLUTION

 *GET  ANSINTER_  FROM  ACTI  ITEM=INT        VALUE=  0.00000000    

 *IF  ANSINTER_                         ( =   0.00000     )  NE  
      0                                 ( =   0.00000     )  THEN    

 *ENDIF

 *** NOTE ***                            CP =       0.328   TIME= 00:54:23
 The automatic domain decomposition logic has selected the MESH domain   
 decomposition method with 4 processes per solution.                     

 *****  MAPDL SOLVE    COMMAND  *****

 *** WARNING ***                         CP =       0.344   TIME= 00:54:23
 Element shape checking is currently inactive.  Issue SHPP,ON or         
 SHPP,WARN to reactivate, if desired.                                    

 *** NOTE ***                            CP =       0.344   TIME= 00:54:23
 The model data was checked and warning messages were found.             
  Please review output or errors file (                                  
 C:\Users\skrua\AppData\Local\Temp\WB_skrua_12264_2\_ProjectScratch\ScrC 
 CFEB\file0.err ) for these warning messages.                            

 *** SELECTION OF ELEMENT TECHNOLOGIES FOR APPLICABLE ELEMENTS ***
      --- GIVE SUGGESTIONS AND RESET THE KEY OPTIONS ---

 ELEMENT TYPE         1 IS SOLID186. KEYOPT(2)=0 IS SUGGESTED AND HAS BEEN RESET.
  KEYOPT(1-12)=    0    0    0    0    0    0    0    0    0    0    0    0

 ELEMENT TYPE         2 IS SOLID186. KEYOPT(2)=0 IS SUGGESTED AND HAS BEEN RESET.
  KEYOPT(1-12)=    0    0    0    0    0    0    0    0    0    0    0    0

 ELEMENT TYPE         3 IS SOLID186. KEYOPT(2)=0 IS SUGGESTED AND HAS BEEN RESET.
  KEYOPT(1-12)=    0    0    0    0    0    0    0    0    0    0    0    0

 ELEMENT TYPE         4 IS SOLID186. KEYOPT(2)=0 IS SUGGESTED AND HAS BEEN RESET.
  KEYOPT(1-12)=    0    0    0    0    0    0    0    0    0    0    0    0

 ELEMENT TYPE         5 IS SOLID187. IT IS NOT ASSOCIATED WITH FULLY INCOMPRESSIBLE
 HYPERELASTIC MATERIALS. NO SUGGESTION IS AVAILABLE AND NO RESETTING IS NEEDED.

 ELEMENT TYPE         6 IS SOLID187. IT IS NOT ASSOCIATED WITH FULLY INCOMPRESSIBLE
 HYPERELASTIC MATERIALS. NO SUGGESTION IS AVAILABLE AND NO RESETTING IS NEEDED.

 ELEMENT TYPE         7 IS SOLID187. IT IS NOT ASSOCIATED WITH FULLY INCOMPRESSIBLE
 HYPERELASTIC MATERIALS. NO SUGGESTION IS AVAILABLE AND NO RESETTING IS NEEDED.

 ELEMENT TYPE         8 IS SOLID186. KEYOPT(2)=0 IS SUGGESTED AND HAS BEEN RESET.
  KEYOPT(1-12)=    0    0    0    0    0    0    0    0    0    0    0    0

 ELEMENT TYPE         9 IS SOLID186. KEYOPT(2)=0 IS SUGGESTED AND HAS BEEN RESET.
  KEYOPT(1-12)=    0    0    0    0    0    0    0    0    0    0    0    0



 *** MAPDL - ENGINEERING ANALYSIS SYSTEM  RELEASE 2023 R2          23.2     ***
 Ansys Mechanical Enterprise Academic Student      
 01055371  VERSION=WINDOWS x64   00:54:23  NOV 08, 2023 CP=      0.344

 wbnew--Modal (A5)                                                             



                       S O L U T I O N   O P T I O N S

   PROBLEM DIMENSIONALITY. . . . . . . . . . . . .3-D                  
   DEGREES OF FREEDOM. . . . . . UX   UY   UZ  
   ANALYSIS TYPE . . . . . . . . . . . . . . . . .MODAL                
      EXTRACTION METHOD. . . . . . . . . . . . . .BLOCK LANCZOS
   OFFSET TEMPERATURE FROM ABSOLUTE ZERO . . . . .  273.15    
   NUMBER OF MODES TO EXTRACT. . . . . . . . . . .     5
   GLOBALLY ASSEMBLED MATRIX . . . . . . . . . . .SYMMETRIC  
   NUMBER OF MODES TO EXPAND . . . . . . . . . . .ALL
   ELEMENT RESULTS CALCULATION . . . . . . . . . .OFF

 *** NOTE ***                            CP =       0.344   TIME= 00:54:23
 The conditions for direct assembly have been met.  No .emat or .erot    
 files will be produced.                                                 

 *** NOTE ***                            CP =       0.438   TIME= 00:54:24
 Symmetric Deformable- deformable contact pair identified by real        
 constant set 10 and contact element type 10 has been set up.  The       
 companion pair has real constant set ID 11.  Both pairs should have     
 the same behavior.                                                      
 MAPDL will deactivate the current pair and keep its companion pair,     
 resulting in asymmetric contact.                                        
 Linear contact is defined
 Contact algorithm: Augmented Lagrange method
 Contact detection at: Gauss integration point
 Contact stiffness factor FKN                  10.000    
 The resulting initial contact stiffness      0.61956E+07
 Default penetration tolerance factor FTOLN   0.10000    
 The resulting penetration tolerance          0.22919    
 Default opening contact stiffness OPSF will be used.
 Default tangent stiffness factor FKT          1.0000    
 Use constant contact stiffness
 Default Max. friction stress TAUMAX          0.10000E+21
 Average contact surface length                6.9900    
 Average contact pair depth                    2.2919    
 Average target surface length                 4.0069    
 Default pinball region factor PINB           0.25000    
 The resulting pinball region                 0.57298    
 Initial penetration/gap is excluded.
 Bonded contact (always) is defined.

 *** NOTE ***                            CP =       0.438   TIME= 00:54:24
 Max.  Initial penetration 9.16152548E-08 was detected between contact   
 element 3282 and target element 3330.                                   
 ****************************************
  

 *** NOTE ***                            CP =       0.438   TIME= 00:54:24
 Symmetric Deformable- deformable contact pair identified by real        
 constant set 11 and contact element type 10 has been set up.  The       
 companion pair has real constant set ID 10.  Both pairs should have     
 the same behavior.                                                      
 MAPDL will keep the current pair and deactivate its companion pair,     
 resulting in asymmetric contact.                                        
 Linear contact is defined
 Contact algorithm: Augmented Lagrange method
 Contact detection at: Gauss integration point
 Contact stiffness factor FKN                  10.000    
 The resulting initial contact stiffness      0.61956E+07
 Default penetration tolerance factor FTOLN   0.10000    
 The resulting penetration tolerance          0.15469    
 Default opening contact stiffness OPSF will be used.
 Default tangent stiffness factor FKT          1.0000    
 Use constant contact stiffness
 Default Max. friction stress TAUMAX          0.10000E+21
 Average contact surface length                4.1598    
 Average contact pair depth                    1.5469    
 Average target surface length                 6.6230    
 Default pinball region factor PINB           0.25000    
 The resulting pinball region                 0.38672    
 Initial penetration/gap is excluded.
 Bonded contact (always) is defined.

 *** NOTE ***                            CP =       0.438   TIME= 00:54:24
 Max.  Initial penetration 1.299781446E-07 was detected between contact  
 element 3308 and target element 3259.                                   
 ****************************************
  

 *** NOTE ***                            CP =       0.438   TIME= 00:54:24
 Symmetric Deformable- deformable contact pair identified by real        
 constant set 12 and contact element type 12 has been set up.  The       
 companion pair has real constant set ID 13.  Both pairs should have     
 the same behavior.                                                      
 MAPDL will deactivate the current pair and keep its companion pair,     
 resulting in asymmetric contact.                                        
 Linear contact is defined
 Contact algorithm: Augmented Lagrange method
 Contact detection at: Gauss integration point
 Contact stiffness factor FKN                  10.000    
 The resulting initial contact stiffness      0.53671E+07
 Default penetration tolerance factor FTOLN   0.10000    
 The resulting penetration tolerance          0.26458    
 Default opening contact stiffness OPSF will be used.
 Default tangent stiffness factor FKT          1.0000    
 Use constant contact stiffness
 Default Max. friction stress TAUMAX          0.10000E+21
 Average contact surface length                8.4208    
 Average contact pair depth                    2.6458    
 Average target surface length                 6.6230    
 Default pinball region factor PINB           0.25000    
 The resulting pinball region                 0.66144    
 Initial penetration/gap is excluded.
 Bonded contact (always) is defined.

 *** NOTE ***                            CP =       0.438   TIME= 00:54:24
 Max.  Initial penetration 7.727970586E-08 was detected between contact  
 element 3388 and target element 3421.                                   
 ****************************************
  

 *** NOTE ***                            CP =       0.438   TIME= 00:54:24
 Symmetric Deformable- deformable contact pair identified by real        
 constant set 13 and contact element type 12 has been set up.  The       
 companion pair has real constant set ID 12.  Both pairs should have     
 the same behavior.                                                      
 MAPDL will keep the current pair and deactivate its companion pair,     
 resulting in asymmetric contact.                                        
 Linear contact is defined
 Contact algorithm: Augmented Lagrange method
 Contact detection at: Gauss integration point
 Contact stiffness factor FKN                  10.000    
 The resulting initial contact stiffness      0.53671E+07
 Default penetration tolerance factor FTOLN   0.10000    
 The resulting penetration tolerance          0.23950    
 Default opening contact stiffness OPSF will be used.
 Default tangent stiffness factor FKT          1.0000    
 Use constant contact stiffness
 Default Max. friction stress TAUMAX          0.10000E+21
 Average contact surface length                7.1144    
 Average contact pair depth                    2.3950    
 Average target surface length                 8.3896    
 Default pinball region factor PINB           0.25000    
 The resulting pinball region                 0.59875    
 Initial penetration/gap is excluded.
 Bonded contact (always) is defined.

 *** NOTE ***                            CP =       0.438   TIME= 00:54:24
 Max.  Initial penetration 8.04201194E-08 was detected between contact   
 element 3398 and target element 3371.                                   
 ****************************************
  

 *** NOTE ***                            CP =       0.438   TIME= 00:54:24
 Symmetric Deformable- deformable contact pair identified by real        
 constant set 14 and contact element type 14 has been set up.  The       
 companion pair has real constant set ID 15.  Both pairs should have     
 the same behavior.                                                      
 MAPDL will deactivate the current pair and keep its companion pair,     
 resulting in asymmetric contact.                                        
 Linear contact is defined
 Contact algorithm: Augmented Lagrange method
 Contact detection at: Gauss integration point
 Contact stiffness factor FKN                  10.000    
 The resulting initial contact stiffness      0.59290E+07
 Default penetration tolerance factor FTOLN   0.10000    
 The resulting penetration tolerance          0.23950    
 Default opening contact stiffness OPSF will be used.
 Default tangent stiffness factor FKT          1.0000    
 Use constant contact stiffness
 Default Max. friction stress TAUMAX          0.10000E+21
 Average contact surface length                7.1144    
 Average contact pair depth                    2.3950    
 Average target surface length                 4.0069    
 Default pinball region factor PINB           0.25000    
 The resulting pinball region                 0.59875    
 Initial penetration/gap is excluded.
 Bonded contact (always) is defined.

 *** NOTE ***                            CP =       0.438   TIME= 00:54:24
 Max.  Initial penetration 6.123693991E-08 was detected between contact  
 element 3484 and target element 3537.                                   
 ****************************************
  

 *** NOTE ***                            CP =       0.438   TIME= 00:54:24
 Symmetric Deformable- deformable contact pair identified by real        
 constant set 15 and contact element type 14 has been set up.  The       
 companion pair has real constant set ID 14.  Both pairs should have     
 the same behavior.                                                      
 MAPDL will keep the current pair and deactivate its companion pair,     
 resulting in asymmetric contact.                                        
 Linear contact is defined
 Contact algorithm: Augmented Lagrange method
 Contact detection at: Gauss integration point
 Contact stiffness factor FKN                  10.000    
 The resulting initial contact stiffness      0.59290E+07
 Default penetration tolerance factor FTOLN   0.10000    
 The resulting penetration tolerance          0.15610    
 Default opening contact stiffness OPSF will be used.
 Default tangent stiffness factor FKT          1.0000    
 Use constant contact stiffness
 Default Max. friction stress TAUMAX          0.10000E+21
 Average contact surface length                4.0584    
 Average contact pair depth                    1.5610    
 Average target surface length                 6.6230    
 Default pinball region factor PINB           0.25000    
 The resulting pinball region                 0.39026    
 Initial penetration/gap is excluded.
 Bonded contact (always) is defined.

 *** NOTE ***                            CP =       0.438   TIME= 00:54:24
 Max.  Initial penetration 6.682948899E-08 was detected between contact  
 element 3506 and target element 3461.                                   
 ****************************************
  

 *** NOTE ***                            CP =       0.438   TIME= 00:54:24
 Symmetric Deformable- deformable contact pair identified by real        
 constant set 16 and contact element type 16 has been set up.  The       
 companion pair has real constant set ID 17.  Both pairs should have     
 the same behavior.                                                      
 MAPDL will deactivate the current pair and keep its companion pair,     
 resulting in asymmetric contact.                                        
 Linear contact is defined
 Contact algorithm: Augmented Lagrange method
 Contact detection at: Gauss integration point
 Contact stiffness factor FKN                  10.000    
 The resulting initial contact stiffness      0.48710E+07
 Default penetration tolerance factor FTOLN   0.10000    
 The resulting penetration tolerance          0.29152    
 Default opening contact stiffness OPSF will be used.
 Default tangent stiffness factor FKT          1.0000    
 Use constant contact stiffness
 Default Max. friction stress TAUMAX          0.10000E+21
 Average contact surface length                9.4301    
 Average contact pair depth                    2.9152    
 Average target surface length                 6.6230    
 Default pinball region factor PINB           0.25000    
 The resulting pinball region                 0.72880    
 Initial penetration/gap is excluded.
 Bonded contact (always) is defined.

 *** NOTE ***                            CP =       0.438   TIME= 00:54:24
 Max.  Initial penetration 6.244633102E-08 was detected between contact  
 element 3581 and target element 3612.                                   
 ****************************************
  

 *** NOTE ***                            CP =       0.438   TIME= 00:54:24
 Symmetric Deformable- deformable contact pair identified by real        
 constant set 17 and contact element type 16 has been set up.  The       
 companion pair has real constant set ID 16.  Both pairs should have     
 the same behavior.                                                      
 MAPDL will keep the current pair and deactivate its companion pair,     
 resulting in asymmetric contact.                                        
 Linear contact is defined
 Contact algorithm: Augmented Lagrange method
 Contact detection at: Gauss integration point
 Contact stiffness factor FKN                  10.000    
 The resulting initial contact stiffness      0.48710E+07
 Default penetration tolerance factor FTOLN   0.10000    
 The resulting penetration tolerance          0.22919    
 Default opening contact stiffness OPSF will be used.
 Default tangent stiffness factor FKT          1.0000    
 Use constant contact stiffness
 Default Max. friction stress TAUMAX          0.10000E+21
 Average contact surface length                6.9900    
 Average contact pair depth                    2.2919    
 Average target surface length                 8.3896    
 Default pinball region factor PINB           0.25000    
 The resulting pinball region                 0.57298    
 Initial penetration/gap is excluded.
 Bonded contact (always) is defined.

 *** NOTE ***                            CP =       0.438   TIME= 00:54:24
 Max.  Initial penetration 5.736107623E-08 was detected between contact  
 element 3589 and target element 3561.                                   
 ****************************************
  

 *** NOTE ***                            CP =       0.438   TIME= 00:54:24
 Symmetric Deformable- deformable contact pair identified by real        
 constant set 18 and contact element type 18 has been set up.  The       
 companion pair has real constant set ID 19.  Both pairs should have     
 the same behavior.                                                      
 MAPDL will keep the current pair and deactivate its companion pair,     
 resulting in asymmetric contact.                                        
 Linear contact is defined
 Contact algorithm: Augmented Lagrange method
 Contact detection at: Gauss integration point
 Contact stiffness factor FKN                  10.000    
 The resulting initial contact stiffness      0.61000E+07
 Default penetration tolerance factor FTOLN   0.10000    
 The resulting penetration tolerance          0.15469    
 Default opening contact stiffness OPSF will be used.
 Default tangent stiffness factor FKT          1.0000    
 Use constant contact stiffness
 Default Max. friction stress TAUMAX          0.10000E+21
 Average contact surface length                4.1598    
 Average contact pair depth                    1.5469    
 Average target surface length                 7.5794    
 Default pinball region factor PINB           0.25000    
 The resulting pinball region                 0.38672    
 Initial penetration/gap is excluded.
 Bonded contact (always) is defined.

 *** NOTE ***                            CP =       0.438   TIME= 00:54:24
 Max.  Initial penetration 7.120789848E-08 was detected between contact  
 element 3672 and target element 3726.                                   
 ****************************************
  

 *** NOTE ***                            CP =       0.438   TIME= 00:54:24
 Symmetric Deformable- deformable contact pair identified by real        
 constant set 19 and contact element type 18 has been set up.  The       
 companion pair has real constant set ID 18.  Both pairs should have     
 the same behavior.                                                      
 MAPDL will deactivate the current pair and keep its companion pair,     
 resulting in asymmetric contact.                                        
 Linear contact is defined
 Contact algorithm: Augmented Lagrange method
 Contact detection at: Gauss integration point
 Contact stiffness factor FKN                  10.000    
 The resulting initial contact stiffness      0.61000E+07
 Default penetration tolerance factor FTOLN   0.10000    
 The resulting penetration tolerance          0.65574    
 Default opening contact stiffness OPSF will be used.
 Default tangent stiffness factor FKT          1.0000    
 Use constant contact stiffness
 Default Max. friction stress TAUMAX          0.10000E+21
 Average contact surface length                7.8968    
 Average contact pair depth                    6.5574    
 Average target surface length                 4.0069    
 Default pinball region factor PINB           0.25000    
 The resulting pinball region                  1.6394    
 Initial penetration/gap is excluded.
 Bonded contact (always) is defined.

 *** NOTE ***                            CP =       0.438   TIME= 00:54:24
 Max.  Initial penetration 4.908414106E-08 was detected between contact  
 element 3708 and target element 3641.                                   
 ****************************************
  

 *** NOTE ***                            CP =       0.438   TIME= 00:54:24
 Symmetric Deformable- deformable contact pair identified by real        
 constant set 20 and contact element type 20 has been set up.  The       
 companion pair has real constant set ID 21.  Both pairs should have     
 the same behavior.                                                      
 MAPDL will keep the current pair and deactivate its companion pair,     
 resulting in asymmetric contact.                                        
 Linear contact is defined
 Contact algorithm: Augmented Lagrange method
 Contact detection at: Gauss integration point
 Contact stiffness factor FKN                  10.000    
 The resulting initial contact stiffness      0.74981E+07
 Default penetration tolerance factor FTOLN   0.10000    
 The resulting penetration tolerance          0.15610    
 Default opening contact stiffness OPSF will be used.
 Default tangent stiffness factor FKT          1.0000    
 Use constant contact stiffness
 Default Max. friction stress TAUMAX          0.10000E+21
 Average contact surface length                4.0584    
 Average contact pair depth                    1.5610    
 Average target surface length                 7.4514    
 Default pinball region factor PINB           0.25000    
 The resulting pinball region                 0.39026    
 Initial penetration/gap is excluded.
 Bonded contact (always) is defined.

 *** NOTE ***                            CP =       0.438   TIME= 00:54:24
 Max.  Initial penetration 6.75821135E-08 was detected between contact   
 element 3772 and target element 3818.                                   
 ****************************************
  

 *** NOTE ***                            CP =       0.438   TIME= 00:54:24
 Symmetric Deformable- deformable contact pair identified by real        
 constant set 21 and contact element type 20 has been set up.  The       
 companion pair has real constant set ID 20.  Both pairs should have     
 the same behavior.                                                      
 MAPDL will deactivate the current pair and keep its companion pair,     
 resulting in asymmetric contact.                                        
 Linear contact is defined
 Contact algorithm: Augmented Lagrange method
 Contact detection at: Gauss integration point
 Contact stiffness factor FKN                  10.000    
 The resulting initial contact stiffness      0.74981E+07
 Default penetration tolerance factor FTOLN   0.10000    
 The resulting penetration tolerance          0.53347    
 Default opening contact stiffness OPSF will be used.
 Default tangent stiffness factor FKT          1.0000    
 Use constant contact stiffness
 Default Max. friction stress TAUMAX          0.10000E+21
 Average contact surface length                7.7538    
 Average contact pair depth                    5.3347    
 Average target surface length                 4.0069    
 Default pinball region factor PINB           0.25000    
 The resulting pinball region                  1.3337    
 Initial penetration/gap is excluded.
 Bonded contact (always) is defined.

 *** NOTE ***                            CP =       0.438   TIME= 00:54:24
 Max.  Initial penetration 5.182189813E-08 was detected between contact  
 element 3797 and target element 3751.                                   
 ****************************************
  

 *** NOTE ***                            CP =       0.438   TIME= 00:54:24
 Symmetric Deformable- deformable contact pair identified by real        
 constant set 22 and contact element type 22 has been set up.  The       
 companion pair has real constant set ID 23.  Both pairs should have     
 the same behavior.                                                      
 MAPDL will keep the current pair and deactivate its companion pair,     
 resulting in asymmetric contact.                                        
 Linear contact is defined
 Contact algorithm: Augmented Lagrange method
 Contact detection at: Gauss integration point
 Contact stiffness factor FKN                  10.000    
 The resulting initial contact stiffness      0.53671E+07
 Default penetration tolerance factor FTOLN   0.10000    
 The resulting penetration tolerance          0.44817    
 Default opening contact stiffness OPSF will be used.
 Default tangent stiffness factor FKT          1.0000    
 Use constant contact stiffness
 Default Max. friction stress TAUMAX          0.10000E+21
 Average contact surface length                8.3046    
 Average contact pair depth                    4.4817    
 Average target surface length                 8.3896    
 Default pinball region factor PINB           0.25000    
 The resulting pinball region                  1.1204    
 Initial penetration/gap is excluded.
 Bonded contact (always) is defined.

 *** NOTE ***                            CP =       0.438   TIME= 00:54:24
 Max.  Initial penetration 7.250944483E-08 was detected between contact  
 element 3857 and target element 3898.                                   
 ****************************************
  

 *** NOTE ***                            CP =       0.438   TIME= 00:54:24
 Symmetric Deformable- deformable contact pair identified by real        
 constant set 23 and contact element type 22 has been set up.  The       
 companion pair has real constant set ID 22.  Both pairs should have     
 the same behavior.                                                      
 MAPDL will deactivate the current pair and keep its companion pair,     
 resulting in asymmetric contact.                                        
 Linear contact is defined
 Contact algorithm: Augmented Lagrange method
 Contact detection at: Gauss integration point
 Contact stiffness factor FKN                  10.000    
 The resulting initial contact stiffness      0.53671E+07
 Default penetration tolerance factor FTOLN   0.10000    
 The resulting penetration tolerance          0.26458    
 Default opening contact stiffness OPSF will be used.
 Default tangent stiffness factor FKT          1.0000    
 Use constant contact stiffness
 Default Max. friction stress TAUMAX          0.10000E+21
 Average contact surface length                8.4208    
 Average contact pair depth                    2.6458    
 Average target surface length                 8.0230    
 Default pinball region factor PINB           0.25000    
 The resulting pinball region                 0.66144    
 Initial penetration/gap is excluded.
 Bonded contact (always) is defined.

 *** NOTE ***                            CP =       0.438   TIME= 00:54:24
 Max.  Initial penetration 8.191206093E-08 was detected between contact  
 element 3878 and target element 3839.                                   
 ****************************************
  

 *** NOTE ***                            CP =       0.438   TIME= 00:54:24
 Symmetric Deformable- deformable contact pair identified by real        
 constant set 24 and contact element type 24 has been set up.  The       
 companion pair has real constant set ID 25.  Both pairs should have     
 the same behavior.                                                      
 MAPDL will keep the current pair and deactivate its companion pair,     
 resulting in asymmetric contact.                                        
 Linear contact is defined
 Contact algorithm: Augmented Lagrange method
 Contact detection at: Gauss integration point
 Contact stiffness factor FKN                  10.000    
 The resulting initial contact stiffness      0.48710E+07
 Default penetration tolerance factor FTOLN   0.10000    
 The resulting penetration tolerance          0.46108    
 Default opening contact stiffness OPSF will be used.
 Default tangent stiffness factor FKT          1.0000    
 Use constant contact stiffness
 Default Max. friction stress TAUMAX          0.10000E+21
 Average contact surface length                8.3046    
 Average contact pair depth                    4.6108    
 Average target surface length                 8.3896    
 Default pinball region factor PINB           0.25000    
 The resulting pinball region                  1.1527    
 Initial penetration/gap is excluded.
 Bonded contact (always) is defined.

 *** NOTE ***                            CP =       0.438   TIME= 00:54:24
 Max.  Initial penetration 7.849321997E-08 was detected between contact  
 element 3933 and target element 3966.                                   
 ****************************************
  

 *** NOTE ***                            CP =       0.438   TIME= 00:54:24
 Symmetric Deformable- deformable contact pair identified by real        
 constant set 25 and contact element type 24 has been set up.  The       
 companion pair has real constant set ID 24.  Both pairs should have     
 the same behavior.                                                      
 MAPDL will deactivate the current pair and keep its companion pair,     
 resulting in asymmetric contact.                                        
 Linear contact is defined
 Contact algorithm: Augmented Lagrange method
 Contact detection at: Gauss integration point
 Contact stiffness factor FKN                  10.000    
 The resulting initial contact stiffness      0.48710E+07
 Default penetration tolerance factor FTOLN   0.10000    
 The resulting penetration tolerance          0.29152    
 Default opening contact stiffness OPSF will be used.
 Default tangent stiffness factor FKT          1.0000    
 Use constant contact stiffness
 Default Max. friction stress TAUMAX          0.10000E+21
 Average contact surface length                9.4301    
 Average contact pair depth                    2.9152    
 Average target surface length                 8.0230    
 Default pinball region factor PINB           0.25000    
 The resulting pinball region                 0.72880    
 Initial penetration/gap is excluded.
 Bonded contact (always) is defined.

 *** NOTE ***                            CP =       0.438   TIME= 00:54:24
 Max.  Initial penetration 7.74760155E-08 was detected between contact   
 element 3946 and target element 3915.                                   
 ****************************************
  

 *** NOTE ***                            CP =       0.438   TIME= 00:54:24
 Symmetric Deformable- deformable contact pair identified by real        
 constant set 26 and contact element type 26 has been set up.  The       
 companion pair has real constant set ID 27.  Both pairs should have     
 the same behavior.                                                      
 MAPDL will deactivate the current pair and keep its companion pair,     
 resulting in asymmetric contact.                                        
 Linear contact is defined
 Contact algorithm: Augmented Lagrange method
 Contact detection at: Gauss integration point
 Contact stiffness factor FKN                  10.000    
 The resulting initial contact stiffness      0.61956E+07
 Default penetration tolerance factor FTOLN   0.10000    
 The resulting penetration tolerance          0.53347    
 Default opening contact stiffness OPSF will be used.
 Default tangent stiffness factor FKT          1.0000    
 Use constant contact stiffness
 Default Max. friction stress TAUMAX          0.10000E+21
 Average contact surface length                7.7538    
 Average contact pair depth                    5.3347    
 Average target surface length                 6.6230    
 Default pinball region factor PINB           0.25000    
 The resulting pinball region                  1.3337    
 Initial penetration/gap is excluded.
 Bonded contact (always) is defined.

 *** NOTE ***                            CP =       0.438   TIME= 00:54:24
 Max.  Initial penetration 6.317518455E-08 was detected between contact  
 element 4011 and target element 4058.                                   
 ****************************************
  

 *** NOTE ***                            CP =       0.438   TIME= 00:54:24
 Symmetric Deformable- deformable contact pair identified by real        
 constant set 27 and contact element type 26 has been set up.  The       
 companion pair has real constant set ID 26.  Both pairs should have     
 the same behavior.                                                      
 MAPDL will keep the current pair and deactivate its companion pair,     
 resulting in asymmetric contact.                                        
 Linear contact is defined
 Contact algorithm: Augmented Lagrange method
 Contact detection at: Gauss integration point
 Contact stiffness factor FKN                  10.000    
 The resulting initial contact stiffness      0.61956E+07
 Default penetration tolerance factor FTOLN   0.10000    
 The resulting penetration tolerance          0.22919    
 Default opening contact stiffness OPSF will be used.
 Default tangent stiffness factor FKT          1.0000    
 Use constant contact stiffness
 Default Max. friction stress TAUMAX          0.10000E+21
 Average contact surface length                6.9900    
 Average contact pair depth                    2.2919    
 Average target surface length                 7.4514    
 Default pinball region factor PINB           0.25000    
 The resulting pinball region                 0.57298    
 Initial penetration/gap is excluded.
 Bonded contact (always) is defined.

 *** NOTE ***                            CP =       0.438   TIME= 00:54:24
 Max.  Initial penetration 7.934633068E-08 was detected between contact  
 element 4021 and target element 3985.                                   
 ****************************************
  

 *** NOTE ***                            CP =       0.438   TIME= 00:54:24
 Symmetric Deformable- deformable contact pair identified by real        
 constant set 28 and contact element type 28 has been set up.  The       
 companion pair has real constant set ID 29.  Both pairs should have     
 the same behavior.                                                      
 MAPDL will deactivate the current pair and keep its companion pair,     
 resulting in asymmetric contact.                                        
 Linear contact is defined
 Contact algorithm: Augmented Lagrange method
 Contact detection at: Gauss integration point
 Contact stiffness factor FKN                  10.000    
 The resulting initial contact stiffness      0.59290E+07
 Default penetration tolerance factor FTOLN   0.10000    
 The resulting penetration tolerance          0.65574    
 Default opening contact stiffness OPSF will be used.
 Default tangent stiffness factor FKT          1.0000    
 Use constant contact stiffness
 Default Max. friction stress TAUMAX          0.10000E+21
 Average contact surface length                7.8968    
 Average contact pair depth                    6.5574    
 Average target surface length                 6.6230    
 Default pinball region factor PINB           0.25000    
 The resulting pinball region                  1.6394    
 Initial penetration/gap is excluded.
 Bonded contact (always) is defined.

 *** NOTE ***                            CP =       0.438   TIME= 00:54:24
 Max.  Initial penetration 6.91837257E-08 was detected between contact   
 element 4100 and target element 4141.                                   
 ****************************************
  

 *** NOTE ***                            CP =       0.438   TIME= 00:54:24
 Symmetric Deformable- deformable contact pair identified by real        
 constant set 29 and contact element type 28 has been set up.  The       
 companion pair has real constant set ID 28.  Both pairs should have     
 the same behavior.                                                      
 MAPDL will keep the current pair and deactivate its companion pair,     
 resulting in asymmetric contact.                                        
 Linear contact is defined
 Contact algorithm: Augmented Lagrange method
 Contact detection at: Gauss integration point
 Contact stiffness factor FKN                  10.000    
 The resulting initial contact stiffness      0.59290E+07
 Default penetration tolerance factor FTOLN   0.10000    
 The resulting penetration tolerance          0.23950    
 Default opening contact stiffness OPSF will be used.
 Default tangent stiffness factor FKT          1.0000    
 Use constant contact stiffness
 Default Max. friction stress TAUMAX          0.10000E+21
 Average contact surface length                7.1144    
 Average contact pair depth                    2.3950    
 Average target surface length                 7.5794    
 Default pinball region factor PINB           0.25000    
 The resulting pinball region                 0.59875    
 Initial penetration/gap is excluded.
 Bonded contact (always) is defined.

 *** NOTE ***                            CP =       0.438   TIME= 00:54:24
 Max.  Initial penetration 7.888527051E-08 was detected between contact  
 element 4118 and target element 4068.                                   
 ****************************************
  
  
  

  
  
     D I S T R I B U T E D   D O M A I N   D E C O M P O S E R
  
  ...Number of elements: 2366
  ...Number of nodes:    5611
  ...Decompose to 4 CPU domains
  ...Element load balance ratio =     1.053


                      L O A D   S T E P   O P T I O N S

   LOAD STEP NUMBER. . . . . . . . . . . . . . . .     1
   THERMAL STRAINS INCLUDED IN THE LOAD VECTOR . .   YES
   PRINT OUTPUT CONTROLS . . . . . . . . . . . . .NO PRINTOUT
   DATABASE OUTPUT CONTROLS
      ITEM     FREQUENCY   COMPONENT
       ALL       NONE               
      NSOL        ALL               


 *** NOTE ***                            CP =       0.609   TIME= 00:54:24
 Symmetric Deformable- deformable contact pair identified by real        
 constant set 26 and contact element type 26 has been set up.  The       
 companion pair has real constant set ID 27.  Both pairs should have     
 the same behavior.                                                      
 MAPDL will deactivate the current pair and keep its companion pair,     
 resulting in asymmetric contact.                                        
 Linear contact is defined
 Contact algorithm: Augmented Lagrange method
 Contact detection at: Gauss integration point
 Contact stiffness factor FKN                  10.000    
 The resulting initial contact stiffness      0.61956E+07
 Default penetration tolerance factor FTOLN   0.10000    
 The resulting penetration tolerance          0.53347    
 Default opening contact stiffness OPSF will be used.
 Default tangent stiffness factor FKT          1.0000    
 Use constant contact stiffness
 Default Max. friction stress TAUMAX          0.10000E+21
 Average contact surface length                7.7538    
 Average contact pair depth                    5.3347    
 Average target surface length                 6.6230    
 Default pinball region factor PINB           0.25000    
 The resulting pinball region                  1.3337    
 Initial penetration/gap is excluded.
 Bonded contact (always) is defined.

 *** NOTE ***                            CP =       0.609   TIME= 00:54:24
 Max.  Initial penetration 6.317518455E-08 was detected between contact  
 element 4011 and target element 4058.                                   
 ****************************************
  

 *** NOTE ***                            CP =       0.609   TIME= 00:54:24
 Symmetric Deformable- deformable contact pair identified by real        
 constant set 27 and contact element type 26 has been set up.  The       
 companion pair has real constant set ID 26.  Both pairs should have     
 the same behavior.                                                      
 MAPDL will keep the current pair and deactivate its companion pair,     
 resulting in asymmetric contact.                                        
 Linear contact is defined
 Contact algorithm: Augmented Lagrange method
 Contact detection at: Gauss integration point
 Contact stiffness factor FKN                  10.000    
 The resulting initial contact stiffness      0.61956E+07
 Default penetration tolerance factor FTOLN   0.10000    
 The resulting penetration tolerance          0.22919    
 Default opening contact stiffness OPSF will be used.
 Default tangent stiffness factor FKT          1.0000    
 Use constant contact stiffness
 Default Max. friction stress TAUMAX          0.10000E+21
 Average contact surface length                6.9900    
 Average contact pair depth                    2.2919    
 Average target surface length                 7.4514    
 Default pinball region factor PINB           0.25000    
 The resulting pinball region                 0.57298    
 Initial penetration/gap is excluded.
 Bonded contact (always) is defined.

 *** NOTE ***                            CP =       0.609   TIME= 00:54:24
 Max.  Initial penetration 7.934633068E-08 was detected between contact  
 element 4021 and target element 3985.                                   
 ****************************************
  

 *** NOTE ***                            CP =       0.609   TIME= 00:54:24
 Symmetric Deformable- deformable contact pair identified by real        
 constant set 28 and contact element type 28 has been set up.  The       
 companion pair has real constant set ID 29.  Both pairs should have     
 the same behavior.                                                      
 MAPDL will deactivate the current pair and keep its companion pair,     
 resulting in asymmetric contact.                                        
 Linear contact is defined
 Contact algorithm: Augmented Lagrange method
 Contact detection at: Gauss integration point
 Contact stiffness factor FKN                  10.000    
 The resulting initial contact stiffness      0.59290E+07
 Default penetration tolerance factor FTOLN   0.10000    
 The resulting penetration tolerance          0.65574    
 Default opening contact stiffness OPSF will be used.
 Default tangent stiffness factor FKT          1.0000    
 Use constant contact stiffness
 Default Max. friction stress TAUMAX          0.10000E+21
 Average contact surface length                7.8968    
 Average contact pair depth                    6.5574    
 Average target surface length                 6.6230    
 Default pinball region factor PINB           0.25000    
 The resulting pinball region                  1.6394    
 Initial penetration/gap is excluded.
 Bonded contact (always) is defined.

 *** NOTE ***                            CP =       0.609   TIME= 00:54:24
 Max.  Initial penetration 6.91837257E-08 was detected between contact   
 element 4100 and target element 4141.                                   
 ****************************************
  

 *** NOTE ***                            CP =       0.609   TIME= 00:54:24
 Symmetric Deformable- deformable contact pair identified by real        
 constant set 29 and contact element type 28 has been set up.  The       
 companion pair has real constant set ID 28.  Both pairs should have     
 the same behavior.                                                      
 MAPDL will keep the current pair and deactivate its companion pair,     
 resulting in asymmetric contact.                                        
 Linear contact is defined
 Contact algorithm: Augmented Lagrange method
 Contact detection at: Gauss integration point
 Contact stiffness factor FKN                  10.000    
 The resulting initial contact stiffness      0.59290E+07
 Default penetration tolerance factor FTOLN   0.10000    
 The resulting penetration tolerance          0.23950    
 Default opening contact stiffness OPSF will be used.
 Default tangent stiffness factor FKT          1.0000    
 Use constant contact stiffness
 Default Max. friction stress TAUMAX          0.10000E+21
 Average contact surface length                7.1144    
 Average contact pair depth                    2.3950    
 Average target surface length                 7.5794    
 Default pinball region factor PINB           0.25000    
 The resulting pinball region                 0.59875    
 Initial penetration/gap is excluded.
 Bonded contact (always) is defined.

 *** NOTE ***                            CP =       0.609   TIME= 00:54:24
 Max.  Initial penetration 7.888527051E-08 was detected between contact  
 element 4118 and target element 4068.                                   
 ****************************************
  


                         ***********  PRECISE MASS SUMMARY  ***********

   TOTAL RIGID BODY MASS MATRIX ABOUT ORIGIN
               Translational mass               |   Coupled translational/rotational mass
        0.38445E-02    0.0000        0.0000     |     0.0000       0.77511      -0.75485    
         0.0000       0.38445E-02    0.0000     |   -0.77511        0.0000      -0.17147E-01
         0.0000        0.0000       0.38445E-02 |    0.75485       0.17147E-01    0.0000    
     ------------------------------------------ | ------------------------------------------
                                                |         Rotational mass (inertia)
                                                |     423.69        3.2277        1.2274    
                                                |     3.2277        303.56       -134.01    
                                                |     1.2274       -134.01        183.60    

   TOTAL MASS = 0.38445E-02
     The mass principal axes coincide with the global Cartesian axes

   CENTER OF MASS (X,Y,Z)=   -4.4603        196.34        201.62    

   TOTAL INERTIA ABOUT CENTER OF MASS
         119.21      -0.13915       -2.2298    
       -0.13915        147.20        18.183    
        -2.2298        18.183        35.317    

   PRINCIPAL INERTIAS =    119.25        150.09        32.382    
   ORIENTATION VECTORS OF THE INERTIA PRINCIPAL AXES IN GLOBAL CARTESIAN
     ( 1.000, 0.020,-0.022) (-0.016, 0.988, 0.157) ( 0.025,-0.156, 0.987) 


  *** MASS SUMMARY BY ELEMENT TYPE ***

  TYPE      MASS
     1  0.455740E-04
     2  0.455740E-04
     3  0.191851E-05
     4  0.191851E-05
     5  0.115139E-02
     6  0.135558E-02
     7  0.115139E-02
     8  0.455740E-04
     9  0.455740E-04

 Range of element maximum matrix coefficients in global coordinates
 Maximum = 194688124 at element 4113.                                    
 Minimum = 131008.974 at element 1318.                                   

   *** ELEMENT MATRIX FORMULATION TIMES
     TYPE    NUMBER   ENAME      TOTAL CP  AVE CP

        1        77  SOLID186      0.000   0.000000
        2        77  SOLID186      0.031   0.000406
        3        31  SOLID186      0.000   0.000000
        4        31  SOLID186      0.000   0.000000
        5       362  SOLID187      0.016   0.000043
        6       372  SOLID187      0.000   0.000000
        7       362  SOLID187      0.078   0.000216
        8        77  SOLID186      0.000   0.000000
        9        77  SOLID186      0.047   0.000609
       10        54  CONTA174      0.016   0.000289
       11        54  TARGE170      0.000   0.000000
       12        43  CONTA174      0.000   0.000000
       13        43  TARGE170      0.000   0.000000
       14        54  CONTA174      0.016   0.000289
       15        54  TARGE170      0.000   0.000000
       16        43  CONTA174      0.000   0.000000
       17        43  TARGE170      0.000   0.000000
       18        49  CONTA174      0.000   0.000000
       19        49  TARGE170      0.000   0.000000
       20        49  CONTA174      0.000   0.000000
       21        49  TARGE170      0.000   0.000000
       22        38  CONTA174      0.000   0.000000
       23        38  TARGE170      0.000   0.000000
       24        38  CONTA174      0.000   0.000000
       25        38  TARGE170      0.000   0.000000
       26        41  CONTA174      0.016   0.000381
       27        41  TARGE170      0.000   0.000000
       28        41  CONTA174      0.000   0.000000
       29        41  TARGE170      0.000   0.000000
 Time at end of element matrix formulation CP = 0.8125.                  

  BLOCK LANCZOS CALCULATION OF UP TO     5 EIGENVECTORS.
  NUMBER OF EQUATIONS              =        16416
  MAXIMUM WAVEFRONT                =          294
  MAXIMUM MODES STORED             =            5
  MINIMUM EIGENVALUE               =  0.00000E+00
  MAXIMUM EIGENVALUE               =  0.10000E+31


  Process memory allocated for solver              =    18.122 MB
  Process memory required for in-core solution     =    17.273 MB
  Process memory required for out-of-core solution =    10.207 MB

  Total memory allocated for solver                =    69.430 MB
  Total memory required for in-core solution       =    66.175 MB
  Total memory required for out-of-core solution   =    39.624 MB

 *** NOTE ***                            CP =       1.047   TIME= 00:54:24
 The Distributed Sparse Matrix Solver used by the Block Lanczos          
 eigensolver is currently running in the in-core memory mode.  This      
 memory mode uses the most amount of memory in order to avoid using the  
 hard drive as much as possible, which most often results in the         
 fastest solution time.  This mode is recommended if enough physical     
 memory is present to accommodate all of the solver data.                

  Total memory available for LANCZOS         =     15.098629 GB

  Process memory required for in-core LANCZOS Workspace             =     17.359657 MB
  Process memory required for out-of-core LANCZOS Workspace         =     906.070313 KB

  Total   memory required for in-core LANCZOS Workspace             =     87.411163 MB
  Total   memory required for out-of-core LANCZOS Workspace         =     3.967255 MB

  Lanczos Memory Mode : INCORE


  >> Shift # 1 :  |                                  : 5 Eigenvalues Converged


 *** MAPDL - ENGINEERING ANALYSIS SYSTEM  RELEASE 2023 R2          23.2     ***
 Ansys Mechanical Enterprise Academic Student      
 01055371  VERSION=WINDOWS x64   00:54:24  NOV 08, 2023 CP=      1.203

 wbnew--Modal (A5)                                                             



 *** FREQUENCIES FROM BLOCK LANCZOS ITERATION ***

  MODE    FREQUENCY (HERTZ)      


    1     4.698829539203    
    2     12.78896881875    
    3     36.35075149979    
    4     118.7674496404    
    5     196.8697970271    

 *** MAPDL - ENGINEERING ANALYSIS SYSTEM  RELEASE 2023 R2          23.2     ***
 Ansys Mechanical Enterprise Academic Student      
 01055371  VERSION=WINDOWS x64   00:54:24  NOV 08, 2023 CP=      1.219

 wbnew--Modal (A5)                                                             





          ***** PARTICIPATION FACTOR CALCULATION *****  X  DIRECTION
                                                                                  CUMULATIVE     RATIO EFF.MASS
  MODE   FREQUENCY       PERIOD      PARTIC.FACTOR     RATIO    EFFECTIVE MASS   MASS FRACTION   TO TOTAL MASS
     1     4.69883       0.21282       0.50050E-01    1.000000    0.250505E-02    0.944506        0.651595    
     2     12.7890       0.78192E-01   0.12109E-01    0.241943    0.146636E-03    0.999794        0.381420E-01
     3     36.3508       0.27510E-01  -0.72509E-03    0.014487    0.525763E-06    0.999992        0.136757E-03
     4     118.767       0.84198E-02   0.39706E-05    0.000079    0.157654E-10    0.999992        0.410077E-08
     5     196.870       0.50795E-02  -0.14487E-03    0.002895    0.209881E-07     1.00000        0.545927E-05
 -----------------------------------------------------------------------------------------------------------------
   sum                                                            0.265223E-02                    0.689879    
 -----------------------------------------------------------------------------------------------------------------



          ***** PARTICIPATION FACTOR CALCULATION *****  Y  DIRECTION
                                                                                  CUMULATIVE     RATIO EFF.MASS
  MODE   FREQUENCY       PERIOD      PARTIC.FACTOR     RATIO    EFFECTIVE MASS   MASS FRACTION   TO TOTAL MASS
     1     4.69883       0.21282       0.97551E-03    0.021479    0.951627E-06    0.460999E-03    0.247530E-03
     2     12.7890       0.78192E-01   0.23730E-03    0.005225    0.563090E-07    0.488277E-03    0.146467E-04
     3     36.3508       0.27510E-01   0.45417E-01    1.000000    0.206271E-02    0.999733        0.536537    
     4     118.767       0.84198E-02   0.40981E-05    0.000090    0.167944E-10    0.999733        0.436843E-08
     5     196.870       0.50795E-02   0.74264E-03    0.016352    0.551520E-06     1.00000        0.143457E-03
 -----------------------------------------------------------------------------------------------------------------
   sum                                                            0.206427E-02                    0.536943    
 -----------------------------------------------------------------------------------------------------------------



          ***** PARTICIPATION FACTOR CALCULATION *****  Z  DIRECTION
                                                                                  CUMULATIVE     RATIO EFF.MASS
  MODE   FREQUENCY       PERIOD      PARTIC.FACTOR     RATIO    EFFECTIVE MASS   MASS FRACTION   TO TOTAL MASS
     1     4.69883       0.21282      -0.11169E-02    0.155173    0.124752E-05    0.141235E-01    0.324494E-03
     2     12.7890       0.78192E-01  -0.27021E-03    0.037540    0.730152E-07    0.149501E-01    0.189922E-04
     3     36.3508       0.27510E-01   0.71979E-02    1.000000    0.518100E-04    0.601507        0.134764E-01
     4     118.767       0.84198E-02  -0.17397E-04    0.002417    0.302661E-09    0.601510        0.787259E-07
     5     196.870       0.50795E-02  -0.59328E-02    0.824240    0.351983E-04     1.00000        0.915551E-02
 -----------------------------------------------------------------------------------------------------------------
   sum                                                            0.883292E-04                    0.229755E-01
 -----------------------------------------------------------------------------------------------------------------



          ***** PARTICIPATION FACTOR CALCULATION *****ROTX DIRECTION
                                                                                  CUMULATIVE     RATIO EFF.MASS
  MODE   FREQUENCY       PERIOD      PARTIC.FACTOR     RATIO    EFFECTIVE MASS   MASS FRACTION   TO TOTAL MASS
     1     4.69883       0.21282      -0.31566        0.244334    0.996437E-01    0.466341E-01    0.235180E-03
     2     12.7890       0.78192E-01  -0.16585        0.128374    0.275066E-01    0.595075E-01    0.649214E-04
     3     36.3508       0.27510E-01  -0.57370        0.444059    0.329127        0.213542        0.776809E-03
     4     118.767       0.84198E-02   0.10645        0.082395    0.113314E-01    0.218845        0.267444E-04
     5     196.870       0.50795E-02   -1.2919        1.000000     1.66910         1.00000        0.393943E-02
 -----------------------------------------------------------------------------------------------------------------
   sum                                                             2.13671                        0.504308E-02
 -----------------------------------------------------------------------------------------------------------------



          ***** PARTICIPATION FACTOR CALCULATION *****ROTY DIRECTION
                                                                                  CUMULATIVE     RATIO EFF.MASS
  MODE   FREQUENCY       PERIOD      PARTIC.FACTOR     RATIO    EFFECTIVE MASS   MASS FRACTION   TO TOTAL MASS
     1     4.69883       0.21282        3.7964        0.581465     14.4130        0.250565        0.474807E-01
     2     12.7890       0.78192E-01    6.5291        1.000000     42.6292        0.991660        0.140433    
     3     36.3508       0.27510E-01   0.25784E-01    0.003949    0.664835E-03    0.991672        0.219016E-05
     4     118.767       0.84198E-02  -0.68999        0.105679    0.476087        0.999948        0.156837E-02
     5     196.870       0.50795E-02  -0.54576E-01    0.008359    0.297851E-02     1.00000        0.981207E-05
 -----------------------------------------------------------------------------------------------------------------
   sum                                                             57.5220                        0.189494    
 -----------------------------------------------------------------------------------------------------------------



          ***** PARTICIPATION FACTOR CALCULATION *****ROTZ DIRECTION
                                                                                  CUMULATIVE     RATIO EFF.MASS
  MODE   FREQUENCY       PERIOD      PARTIC.FACTOR     RATIO    EFFECTIVE MASS   MASS FRACTION   TO TOTAL MASS
     1     4.69883       0.21282       -10.830        1.000000     117.281        0.841513        0.638773    
     2     12.7890       0.78192E-01   -1.7283        0.159585     2.98685        0.862944        0.162679E-01
     3     36.3508       0.27510E-01  -0.22032        0.020344    0.485405E-01    0.863292        0.264376E-03
     4     118.767       0.84198E-02    4.3649        0.403052     19.0524        0.999997        0.103769    
     5     196.870       0.50795E-02   0.21990E-01    0.002031    0.483567E-03     1.00000        0.263375E-05
 -----------------------------------------------------------------------------------------------------------------
   sum                                                             139.369                        0.759077    
 -----------------------------------------------------------------------------------------------------------------





 *** NOTE ***                            CP =       1.219   TIME= 00:54:24
 The modes requested are mass normalized (Nrmkey on MODOPT).  However,   
 the modal masses and kinetic energies below are calculated with unit    
 normalized modes.                                                       

        ***** MODAL MASSES, KINETIC ENERGIES, AND TRANSLATIONAL EFFECTIVE MASSES SUMMARY *****

                                                                         EFFECTIVE MASS
  MODE  FREQUENCY   MODAL MASS     KENE      |      X-DIR      RATIO%   Y-DIR      RATIO%   Z-DIR      RATIO% 
     1   4.699      0.1857E-02  0.8092       |    0.2505E-02   65.16  0.9516E-06    0.02  0.1248E-05    0.03
     2   12.79      0.1615E-02   5.213       |    0.1466E-03    3.81  0.5631E-07    0.00  0.7302E-07    0.00
     3   36.35      0.1463E-02   38.15       |    0.5258E-06    0.01  0.2063E-02   53.65  0.5181E-04    1.35
     4   118.8      0.5804E-03   161.6       |    0.1577E-10    0.00  0.1679E-10    0.00  0.3027E-09    0.00
     5   196.9      0.5977E-04   45.73       |    0.2099E-07    0.00  0.5515E-06    0.01  0.3520E-04    0.92
 --------------------------------------------------------------------------------------------------------------
   sum                                       |    0.2652E-02   68.99  0.2064E-02   53.69  0.8833E-04    2.30
 --------------------------------------------------------------------------------------------------------------


 *** MAPDL BINARY FILE STATISTICS
  BUFFER SIZE USED= 16384
        0.812 MB WRITTEN ON ELEMENT SAVED DATA FILE: file0.esav
        2.625 MB WRITTEN ON ASSEMBLED MATRIX FILE: file0.full
        0.188 MB WRITTEN ON MODAL MATRIX FILE: file0.mode
        0.625 MB WRITTEN ON RESULTS FILE: file0.rst
 *************** Write FE CONNECTORS *********

 WRITE OUT CONSTRAINT EQUATIONS TO FILE= file.ce                                                                                                                                                                                                                                                             

 *GET  _NMODALSOLPROC  FROM  ACTI  ITEM=NUMC       VALUE=  4.00000000    

 FINISH SOLUTION PROCESSING


 ***** ROUTINE COMPLETED *****  CP =         1.250



 PRINTOUT RESUMED BY /GOP

 *GET  _WALLASOL  FROM  ACTI  ITEM=TIME WALL  VALUE= 0.906944444    

 *** MAPDL - ENGINEERING ANALYSIS SYSTEM  RELEASE 2023 R2          23.2     ***
 Ansys Mechanical Enterprise Academic Student      
 01055371  VERSION=WINDOWS x64   00:54:25  NOV 08, 2023 CP=      1.250

 wbnew--Modal (A5)                                                             



          ***** MAPDL RESULTS INTERPRETATION (POST1) *****

 *** NOTE ***                            CP =       1.250   TIME= 00:54:25
 Reading results into the database (SET command) will update the current 
 displacement and force boundary conditions in the database with the     
 values from the results file for that load set.  Note that any          
 subsequent solutions will use these values unless action is taken to    
 either SAVE the current values or not overwrite them (/EXIT,NOSAVE).    

 PRINTOUT RESUMED BY /GOP

 Set Encoding of XML File to:ISO-8859-1

 Set Output of XML File to:
     PARM,     ,     ,     ,     ,     ,     ,     ,     ,     ,     ,     ,
         ,     ,     ,     ,     ,     ,     ,

 DATABASE WRITTEN ON FILE  parm.xml                                                                                                                                                                                                                                                            

 EXIT THE MAPDL POST1 DATABASE PROCESSOR


 ***** ROUTINE COMPLETED *****  CP =         1.266



 PRINTOUT RESUMED BY /GOP

 *GET  _WALLDONE  FROM  ACTI  ITEM=TIME WALL  VALUE= 0.906944444    

 PARAMETER _PREPTIME =     0.000000000    

 PARAMETER _SOLVTIME =     2.000000000    

 PARAMETER _POSTTIME =     0.000000000    

 PARAMETER _TOTALTIM =     2.000000000    

 *GET  _DLBRATIO  FROM  ACTI  ITEM=SOLU DLBR  VALUE=  1.05306122    

 *GET  _COMBTIME  FROM  ACTI  ITEM=SOLU COMB  VALUE= 0.181048000E-01

 *GET  _SSMODE   FROM  ACTI  ITEM=SOLU SSMM  VALUE=  2.00000000    

 *GET  _NDOFS    FROM  ACTI  ITEM=SOLU NDOF  VALUE=  16416.0000    

 /FCLEAN COMMAND REMOVING ALL LOCAL FILES
 --- Total number of nodes = 5611
 --- Total number of elements = 2366
 --- Element load balance ratio = 1.05306122
 --- Time to combine distributed files = 1.81048E-02
 --- Sparse memory mode = 2
 --- Number of DOF = 16416

 EXIT MAPDL WITHOUT SAVING DATABASE


 NUMBER OF WARNING MESSAGES ENCOUNTERED=          1
 NUMBER OF ERROR   MESSAGES ENCOUNTERED=          0

+--------------------- M A P D L   S T A T I S T I C S ------------------------+

Release: 2023 R2            Build: 23.2       Update: UP20230531   Platform: WINDOWS x64 
Date Run: 11/08/2023   Time: 00:54     Process ID: 10468
Operating System: Windows 11  (Build: 22621)

Processor Model: AMD Ryzen 7 5800H with Radeon Graphics

Compiler: Intel(R) Fortran Compiler Version 19.0.5  (Build: 20190815)
          Intel(R) C/C++ Compiler Version 19.0.5  (Build: 20190815)
          Intel(R) Math Kernel Library Version 2020.0.0 Product Build 20191125
          BLAS Library supplied by AMD BLIS

Number of machines requested            :    1
Total number of cores available         :   16
Number of physical cores available      :    8
Number of processes requested           :    4
Number of threads per process requested :    1
Total number of cores requested         :    4 (Distributed Memory Parallel)               
MPI Type: INTELMPI
MPI Version: Intel(R) MPI Library 2021.8 for Windows* OS


GPU Acceleration: Not Requested

Job Name: file0
Input File: dummy.dat

  Core                Machine Name   Working Directory
 -----------------------------------------------------
     0                    NO-TOUCH   C:\Users\skrua\AppData\Local\Temp\WB_skrua_12264_2\_ProjectScratch\ScrCFEB
     1                    NO-TOUCH   C:\Users\skrua\AppData\Local\Temp\WB_skrua_12264_2\_ProjectScratch\ScrCFEB
     2                    NO-TOUCH   C:\Users\skrua\AppData\Local\Temp\WB_skrua_12264_2\_ProjectScratch\ScrCFEB
     3                    NO-TOUCH   C:\Users\skrua\AppData\Local\Temp\WB_skrua_12264_2\_ProjectScratch\ScrCFEB
 
Latency time from master to core     1 =    4.022 microseconds
Latency time from master to core     2 =    4.471 microseconds
Latency time from master to core     3 =    3.826 microseconds
 
Communication speed from master to core     1 =  3237.19 MB/sec
Communication speed from master to core     2 =  3695.27 MB/sec
Communication speed from master to core     3 =  3676.72 MB/sec

Total CPU time for main thread                    :        0.9 seconds
Total CPU time summed for all threads             :        1.7 seconds

Elapsed time spent obtaining a license            :        0.4 seconds
Elapsed time spent pre-processing model (/PREP7)  :        0.1 seconds
Elapsed time spent solution - preprocessing       :        0.1 seconds
Elapsed time spent computing solution             :        0.9 seconds
Elapsed time spent solution - postprocessing      :        0.0 seconds
Elapsed time spent post-processing model (/POST1) :        0.0 seconds
 
Eigensolver used                                  :            Block Lanczos
Equation solver computational rate                :       23.2 Gflops

Sum of disk space used on all processes            :       25.2 MB

Sum of memory used on all processes               :      328.0 MB
Sum of memory allocated on all processes          :     2832.0 MB
Physical memory available                         :         15 GB
Total amount of I/O written to disk               :        0.0 GB
Total amount of I/O read from disk                :        0.0 GB

+------------------ E N D   M A P D L   S T A T I S T I C S -------------------+


 *-----------------------------------------------------------------------------*
 |                                                                             |
 |                               RUN COMPLETED                                 |
 |                                                                             |
 |-----------------------------------------------------------------------------|
 |                                                                             |
 |  Ansys MAPDL 2023 R2         Build 23.2         UP20230531    WINDOWS x64   |
 |                                                                             |
 |-----------------------------------------------------------------------------|
 |                                                                             |
 |  Database Requested(-db)     1024 MB     Scratch Memory Requested   1024 MB |
 |  Max Database Used(Master)      4 MB     Max Scratch Used(Master)     56 MB |
 |  Max Database Used(Workers)     1 MB     Max Scratch Used(Workers)   169 MB |
 |  Sum Database Used(All)         7 MB     Sum Scratch Used(All)       321 MB |
 |                                                                             |
 |-----------------------------------------------------------------------------|
 |                                                                             |
 |        CP Time      (sec) =          1.656       Time  =  00:54:25          |
 |        Elapsed Time (sec) =          3.000       Date  =  11/08/2023        |
 |                                                                             |
 *-----------------------------------------------------------------------------*
