
 Ansys Mechanical Enterprise Academic Student      


 *------------------------------------------------------------------*
 |                                                                  |
 |   W E L C O M E   T O   T H E   A N S Y S (R)  P R O G R A M     |
 |                                                                  |
 *------------------------------------------------------------------*




 ***************************************************************
 *         ANSYS MAPDL 2023 R2          LEGAL NOTICES          *
 ***************************************************************
 *                                                             *
 * Copyright 1971-2023 Ansys, Inc.  All rights reserved.       *
 * Unauthorized use, distribution or duplication is            *
 * prohibited.                                                 *
 *                                                             *
 * Ansys is a registered trademark of Ansys, Inc. or its       *
 * subsidiaries in the United States or other countries.       *
 * See the Ansys, Inc. online documentation or the Ansys, Inc. *
 * documentation CD or online help for the complete Legal      *
 * Notice.                                                     *
 *                                                             *
 ***************************************************************
 *                                                             *
 * THIS ANSYS SOFTWARE PRODUCT AND PROGRAM DOCUMENTATION       *
 * INCLUDE TRADE SECRETS AND CONFIDENTIAL AND PROPRIETARY      *
 * PRODUCTS OF ANSYS, INC., ITS SUBSIDIARIES, OR LICENSORS.    *
 * The software products and documentation are furnished by    *
 * Ansys, Inc. or its subsidiaries under a software license    *
 * agreement that contains provisions concerning               *
 * non-disclosure, copying, length and nature of use,          *
 * compliance with exporting laws, warranties, disclaimers,    *
 * limitations of liability, and remedies, and other           *
 * provisions.  The software products and documentation may be *
 * used, disclosed, transferred, or copied only in accordance  *
 * with the terms and conditions of that software license      *
 * agreement.                                                  *
 *                                                             *
 * Ansys, Inc. is a UL registered                              *
 * ISO 9001:2015 company.                                      *
 *                                                             *
 ***************************************************************
 *                                                             *
 * This product is subject to U.S. laws governing export and   *
 * re-export.                                                  *
 *                                                             *
 * For U.S. Government users, except as specifically granted   *
 * by the Ansys, Inc. software license agreement, the use,     *
 * duplication, or disclosure by the United States Government  *
 * is subject to restrictions stated in the Ansys, Inc.        *
 * software license agreement and FAR 12.212 (for non-DOD      *
 * licenses).                                                  *
 *                                                             *
 ***************************************************************

 2023 R2 
     
 Point Releases and Patches installed:   
     
 Discovery 2023 R2   
 Autodyn 2023 R2 
 SpaceClaim 2023 R2  
 CFX (includes CFD-Post) 2023 R2 
 Chemkin 2023 R2 
 EnSight 2023 R2 
 FENSAP-ICE 2023 R2  
 Fluent (includes CFD-Post) 2023 R2  
 Polyflow (includes CFD-Post) 2023 R2
 Forte (includes EnSight) 2023 R2
 TurboGrid 2023 R2   
 Motion 2023 R2  
 Aqwa 2023 R2
 Speos 2023 R2   
 Mechanical Products 2023 R2 
 Material Calibration App 2023 R2
 ACIS Geometry Interface 2023 R2 
 AutoCAD Geometry Interface 2023 R2  
 Catia, Version 4 Geometry Interface 2023 R2 
 Catia, Version 5 Geometry Interface 2023 R2 
 Catia, Version 6 Geometry Interface 2023 R2 
 Creo Elements/Direct Modeling Geometry Interface 2023 R2
 Creo Parametric Geometry Interface 2023 R2  
 Inventor Geometry Interface 2023 R2 
 JTOpen Geometry Interface 2023 R2   
 NX Geometry Interface 2023 R2   
 Parasolid Geometry Interface  2023 R2   
 Solid Edge Geometry Interface 2023 R2   
 SOLIDWORKS Geometry Interface 2023 R2   
 Academic Student 2023 R2


          *****  MAPDL COMMAND LINE ARGUMENTS  *****
  BATCH MODE REQUESTED (-b)    = NOLIST
  INPUT FILE COPY MODE (-c)    = COPY
  DISTRIBUTED MEMORY PARALLEL REQUESTED
       4 PARALLEL PROCESSES REQUESTED WITH SINGLE THREAD PER PROCESS
    TOTAL OF     4 CORES REQUESTED
  INPUT FILE NAME              = C:\Users\skrua\AppData\Local\Temp\WB_skrua_37000_2\_ProjectScratch\ScrBE06\dummy.dat
  OUTPUT FILE NAME             = C:\Users\skrua\AppData\Local\Temp\WB_skrua_37000_2\_ProjectScratch\ScrBE06\solve.out
  START-UP FILE MODE           = NOREAD
  STOP FILE MODE               = NOREAD

 RELEASE= 2023 R2              BUILD= 23.2      UP20230531   VERSION=WINDOWS x64 
 CURRENT JOBNAME=file0  16:15:08  OCT 19, 2023 CP=      0.031


 PARAMETER _DS_PROGRESS =     999.0000000    

 /INPUT FILE= ds.dat  LINE=       0



 *** NOTE ***                            CP =       0.047   TIME= 16:15:08
 The /CONFIG,NOELDB command is not valid in a distributed memory         
 parallel solution.  Command is ignored.                                 

 *GET  _WALLSTRT  FROM  ACTI  ITEM=TIME WALL  VALUE=  16.2522222    

 TITLE= 
 wbnew--Static Structural (A5)                                                 

  ACT Extensions:
      LSDYNA, 2023.2
      5f463412-bd3e-484b-87e7-cbc0a665e474, wbex
 /COM,     ANSYSMotion, 2023.2
      20180725-3f81-49eb-9f31-41364844c769, wbex
  

 SET PARAMETER DIMENSIONS ON  _WB_PROJECTSCRATCH_DIR
  TYPE=STRI  DIMENSIONS=      248        1        1

 PARAMETER _WB_PROJECTSCRATCH_DIR(1) = C:\Users\skrua\AppData\Local\Temp\WB_skrua_37000_2\_ProjectScratch\ScrBE06\

 SET PARAMETER DIMENSIONS ON  _WB_SOLVERFILES_DIR
  TYPE=STRI  DIMENSIONS=      248        1        1

 PARAMETER _WB_SOLVERFILES_DIR(1) = C:\Users\skrua\AppData\Local\Temp\WB_skrua_37000_2\wbnew_files\dp0\SYS\MECH\

 SET PARAMETER DIMENSIONS ON  _WB_USERFILES_DIR
  TYPE=STRI  DIMENSIONS=      248        1        1

 PARAMETER _WB_USERFILES_DIR(1) = C:\Users\skrua\AppData\Local\Temp\WB_skrua_37000_2\wbnew_files\user_files\
 --- Data in consistent NMM units. See Solving Units in the help system for more

 MPA UNITS SPECIFIED FOR INTERNAL    
  LENGTH      = MILLIMETERS (mm)
  MASS        = TONNE (Mg)
  TIME        = SECONDS (sec)
  TEMPERATURE = CELSIUS (C)
  TOFFSET     = 273.0
  FORCE       = NEWTON (N)
  HEAT        = MILLIJOULES (mJ)

 INPUT  UNITS ARE ALSO SET TO MPA 

 *** MAPDL - ENGINEERING ANALYSIS SYSTEM  RELEASE 2023 R2          23.2     ***
 Ansys Mechanical Enterprise Academic Student      
 01055371  VERSION=WINDOWS x64   16:15:08  OCT 19, 2023 CP=      0.047

 wbnew--Static Structural (A5)                                                 



          ***** MAPDL ANALYSIS DEFINITION (PREP7) *****
 *********** Nodes for the whole assembly ***********
 *********** Elements for Body 1 "Solid" ***********
 *********** Send User Defined Coordinate System(s) ***********
 *********** Set Reference Temperature ***********
 *********** Send Materials ***********
 ********* Frictionless Supports X *********
 ********* Frictionless Supports Y *********
 ********* Frictionless Supports Z *********
 *********** Define Force Using Surface Effect Elements ***********
 *********** Define Force Using Surface Effect Elements ***********


 ***** ROUTINE COMPLETED *****  CP =         0.219


 --- Number of total nodes = 51996
 --- Number of contact elements = 115
 --- Number of spring elements = 0
 --- Number of bearing elements = 0
 --- Number of solid elements = 11792
 --- Number of condensed parts = 0
 --- Number of total elements = 11907

 *GET  _WALLBSOL  FROM  ACTI  ITEM=TIME WALL  VALUE=  16.2522222    
 ****************************************************************************
 *************************    SOLUTION       ********************************
 ****************************************************************************

 *****  MAPDL SOLUTION ROUTINE  *****


 PERFORM A STATIC ANALYSIS
  THIS WILL BE A NEW ANALYSIS

 PARAMETER _THICKRATIO =     1.000000000    

 USE PRECONDITIONED CONJUGATE GRADIENT SOLVER
  CONVERGENCE TOLERANCE = 1.00000E-08
  MAXIMUM ITERATION     = NumNode*DofPerNode*  1.0000    

 CONTACT INFORMATION PRINTOUT LEVEL       1

 CHECK INITIAL OPEN/CLOSED STATUS OF SELECTED CONTACT ELEMENTS
      AND LIST DETAILED CONTACT PAIR INFORMATION

 SPLIT CONTACT SURFACES AT SOLVE PHASE

    NUMBER OF SPLITTING TBD BY PROGRAM

 DO NOT COMBINE ELEMENT MATRIX FILES (.emat) AFTER DISTRIBUTED PARALLEL SOLUTION

 DO NOT COMBINE ELEMENT SAVE DATA FILES (.esav) AFTER DISTRIBUTED PARALLEL SOLUTION

 NLDIAG: Nonlinear diagnostics CONT option is set to ON. 
         Writing frequency : each ITERATION.

 DO NOT SAVE ANY RESTART FILES AT ALL
 ****************************************************
 ******************* SOLVE FOR LS 1 OF 1 ****************

 SELECT       FOR ITEM=TYPE COMPONENT=    
  IN RANGE         3 TO          3 STEP          1

         67  ELEMENTS (OF      11907  DEFINED) SELECTED BY  ESEL  COMMAND.

 SELECT      ALL NODES HAVING ANY ELEMENT IN ELEMENT SET.

        244 NODES (OF      51996  DEFINED) SELECTED FROM
       67 SELECTED ELEMENTS BY NSLE COMMAND.

 SPECIFIED SURFACE LOAD PRES FOR ALL SELECTED ELEMENTS  LKEY =  1   KVAL = 1
     VALUES =     0.0000         0.0000         0.0000         0.0000    

 SPECIFIED SURFACE LOAD PRES FOR ALL SELECTED ELEMENTS  LKEY =  2   KVAL = 1
     VALUES =     24.714         24.714         24.714         24.714    

 SPECIFIED SURFACE LOAD PRES FOR ALL SELECTED ELEMENTS  LKEY =  3   KVAL = 1
     VALUES =     0.0000         0.0000         0.0000         0.0000    

 SELECT       FOR ITEM=TYPE COMPONENT=    
  IN RANGE         4 TO          4 STEP          1

         48  ELEMENTS (OF      11907  DEFINED) SELECTED BY  ESEL  COMMAND.

 SELECT      ALL NODES HAVING ANY ELEMENT IN ELEMENT SET.

        177 NODES (OF      51996  DEFINED) SELECTED FROM
       48 SELECTED ELEMENTS BY NSLE COMMAND.

 SPECIFIED SURFACE LOAD PRES FOR ALL SELECTED ELEMENTS  LKEY =  1   KVAL = 1
     VALUES =     0.0000         0.0000         0.0000         0.0000    

 SPECIFIED SURFACE LOAD PRES FOR ALL SELECTED ELEMENTS  LKEY =  2   KVAL = 1
     VALUES =    -30.656        -30.656        -30.656        -30.656    

 SPECIFIED SURFACE LOAD PRES FOR ALL SELECTED ELEMENTS  LKEY =  3   KVAL = 1
     VALUES =     0.0000         0.0000         0.0000         0.0000    

 ALL SELECT   FOR ITEM=NODE COMPONENT=    
  IN RANGE         1 TO      51996 STEP          1

      51996  NODES (OF      51996  DEFINED) SELECTED BY NSEL  COMMAND.

 ALL SELECT   FOR ITEM=ELEM COMPONENT=    
  IN RANGE         1 TO      19620 STEP          1

      11907  ELEMENTS (OF      11907  DEFINED) SELECTED BY  ESEL  COMMAND.

 PRINTOUT RESUMED BY /GOP

 USE       1 SUBSTEPS INITIALLY THIS LOAD STEP FOR ALL  DEGREES OF FREEDOM
 FOR AUTOMATIC TIME STEPPING:
   USE      1 SUBSTEPS AS A MAXIMUM
   USE      1 SUBSTEPS AS A MINIMUM

 TIME=  1.0000    

 ERASE THE CURRENT DATABASE OUTPUT CONTROL TABLE.


 WRITE ALL  ITEMS TO THE DATABASE WITH A FREQUENCY OF NONE
   FOR ALL APPLICABLE ENTITIES

 WRITE NSOL ITEMS TO THE DATABASE WITH A FREQUENCY OF ALL 
   FOR ALL APPLICABLE ENTITIES

 WRITE RSOL ITEMS TO THE DATABASE WITH A FREQUENCY OF ALL 
   FOR ALL APPLICABLE ENTITIES

 WRITE EANG ITEMS TO THE DATABASE WITH A FREQUENCY OF ALL 
   FOR ALL APPLICABLE ENTITIES

 WRITE ETMP ITEMS TO THE DATABASE WITH A FREQUENCY OF ALL 
   FOR ALL APPLICABLE ENTITIES

 WRITE VENG ITEMS TO THE DATABASE WITH A FREQUENCY OF ALL 
   FOR ALL APPLICABLE ENTITIES

 WRITE STRS ITEMS TO THE DATABASE WITH A FREQUENCY OF ALL 
   FOR ALL APPLICABLE ENTITIES

 WRITE EPEL ITEMS TO THE DATABASE WITH A FREQUENCY OF ALL 
   FOR ALL APPLICABLE ENTITIES

 WRITE EPPL ITEMS TO THE DATABASE WITH A FREQUENCY OF ALL 
   FOR ALL APPLICABLE ENTITIES

 WRITE CONT ITEMS TO THE DATABASE WITH A FREQUENCY OF ALL 
   FOR ALL APPLICABLE ENTITIES

 *GET  ANSINTER_  FROM  ACTI  ITEM=INT        VALUE=  0.00000000    

 *IF  ANSINTER_                         ( =   0.00000     )  NE  
      0                                 ( =   0.00000     )  THEN    

 *ENDIF

 *** NOTE ***                            CP =       0.422   TIME= 16:15:08
 The automatic domain decomposition logic has selected the MESH domain   
 decomposition method with 4 processes per solution.                     

 *****  MAPDL SOLVE    COMMAND  *****

 *** WARNING ***                         CP =       0.422   TIME= 16:15:08
 Element shape checking is currently inactive.  Issue SHPP,ON or         
 SHPP,WARN to reactivate, if desired.                                    

 *** NOTE ***                            CP =       0.594   TIME= 16:15:08
 The model data was checked and warning messages were found.             
  Please review output or errors file (                                  
 C:\Users\skrua\AppData\Local\Temp\WB_skrua_37000_2\_ProjectScratch\ScrB 
 BE06\file0.err ) for these warning messages.                            

 *** SELECTION OF ELEMENT TECHNOLOGIES FOR APPLICABLE ELEMENTS ***
      --- GIVE SUGGESTIONS AND RESET THE KEY OPTIONS ---

 ELEMENT TYPE         1 IS SOLID187. IT IS NOT ASSOCIATED WITH FULLY INCOMPRESSIBLE
 HYPERELASTIC MATERIALS. NO SUGGESTION IS AVAILABLE AND NO RESETTING IS NEEDED.

 ELEMENT TYPE         2 IS SOLID186. KEYOPT(2)=0 IS SUGGESTED AND HAS BEEN RESET.
  KEYOPT(1-12)=    0    0    0    0    0    0    0    0    0    0    0    0



 *** MAPDL - ENGINEERING ANALYSIS SYSTEM  RELEASE 2023 R2          23.2     ***
 Ansys Mechanical Enterprise Academic Student      
 01055371  VERSION=WINDOWS x64   16:15:08  OCT 19, 2023 CP=      0.594

 wbnew--Static Structural (A5)                                                 



                       S O L U T I O N   O P T I O N S

   PROBLEM DIMENSIONALITY. . . . . . . . . . . . .3-D                  
   DEGREES OF FREEDOM. . . . . . UX   UY   UZ  
   ANALYSIS TYPE . . . . . . . . . . . . . . . . .STATIC (STEADY-STATE)
   OFFSET TEMPERATURE FROM ABSOLUTE ZERO . . . . .  273.15    
   EQUATION SOLVER OPTION. . . . . . . . . . . . .PCG                
      TOLERANCE. . . . . . . . . . . . . . . . . . 1.00000E-08
   GLOBALLY ASSEMBLED MATRIX . . . . . . . . . . .SYMMETRIC  

 *** WARNING ***                         CP =       0.594   TIME= 16:15:08
 Material number 3 (used by element 19506) should normally have at least 
 one MP or one TB type command associated with it.  Output of energy by  
 material may not be available.                                          

 *** NOTE ***                            CP =       0.609   TIME= 16:15:08
 The step data was checked and warning messages were found.              
  Please review output or errors file (                                  
 C:\Users\skrua\AppData\Local\Temp\WB_skrua_37000_2\_ProjectScratch\ScrB 
 BE06\file0.err ) for these warning messages.                            

 *** NOTE ***                            CP =       0.609   TIME= 16:15:08
 The conditions for direct assembly have been met.  No .emat or .erot    
 files will be produced.                                                 

  
  
     D I S T R I B U T E D   D O M A I N   D E C O M P O S E R
  
  ...Number of elements: 11907
  ...Number of nodes:    51996
  ...Decompose to 4 CPU domains
  ...Element load balance ratio =     1.007


                      L O A D   S T E P   O P T I O N S

   LOAD STEP NUMBER. . . . . . . . . . . . . . . .     1
   TIME AT END OF THE LOAD STEP. . . . . . . . . .  1.0000    
   NUMBER OF SUBSTEPS. . . . . . . . . . . . . . .     1
   STEP CHANGE BOUNDARY CONDITIONS . . . . . . . .    NO
   PRINT OUTPUT CONTROLS . . . . . . . . . . . . .NO PRINTOUT
   DATABASE OUTPUT CONTROLS
      ITEM     FREQUENCY   COMPONENT
       ALL       NONE               
      NSOL        ALL               
      RSOL        ALL               
      EANG        ALL               
      ETMP        ALL               
      VENG        ALL               
      STRS        ALL               
      EPEL        ALL               
      EPPL        ALL               
      CONT        ALL               


 SOLUTION MONITORING INFO IS WRITTEN TO FILE= file.mntr                                                                                                                                                                                                                                                           


 *** NOTE ***                            CP =       0.984   TIME= 16:15:08
 The PCG solver has automatically set the level of difficulty for this   
 model to 2.                                                             


                         ***********  PRECISE MASS SUMMARY  ***********

   TOTAL RIGID BODY MASS MATRIX ABOUT ORIGIN
               Translational mass               |   Coupled translational/rotational mass
        0.68667E-02    0.0000        0.0000     |     0.0000       0.15937      -0.20906    
         0.0000       0.68667E-02    0.0000     |   -0.15937        0.0000      -0.13803E-01
         0.0000        0.0000       0.68667E-02 |    0.20906       0.13803E-01    0.0000    
     ------------------------------------------ | ------------------------------------------
                                                |         Rotational mass (inertia)
                                                |     226.28        3.4251       0.67368    
                                                |     3.4251        13.091       -11.127    
                                                |    0.67368       -11.127        220.66    

   TOTAL MASS = 0.68667E-02
     The mass principal axes coincide with the global Cartesian axes

   CENTER OF MASS (X,Y,Z)=   -2.0102        30.445        23.209    

   TOTAL INERTIA ABOUT CENTER OF MASS
         216.22        3.0049       0.35331    
         3.0049        9.3646       -6.2752    
        0.35331       -6.2752        214.26    

   PRINCIPAL INERTIAS =    216.30        9.1287        214.42    
   ORIENTATION VECTORS OF THE INERTIA PRINCIPAL AXES IN GLOBAL CARTESIAN
     ( 0.990, 0.010, 0.141) (-0.015, 0.999, 0.031) (-0.140,-0.032, 0.990) 


  *** MASS SUMMARY BY ELEMENT TYPE ***

  TYPE      MASS
     1  0.447238E-04
     2  0.682198E-02

 Range of element maximum matrix coefficients in global coordinates
 Maximum = 15398055 at element 957.                                      
 Minimum = 175339.798 at element 41.                                     

   *** ELEMENT MATRIX FORMULATION TIMES
     TYPE    NUMBER   ENAME      TOTAL CP  AVE CP

        1       999  SOLID187      0.047   0.000047
        2     10793  SOLID186      0.844   0.000078
        3        67  SURF154       0.000   0.000000
        4        48  SURF154       0.031   0.000651
 Time at end of element matrix formulation CP = 1.734375.                
 Iteration=    10 Ratio=  9.141258E-02 Limit=  1.000000E-08 Wall=     0.1
 Iteration=    40 Ratio=  7.659191E-04 Limit=  1.000000E-08 Wall=     0.3
 Iteration=    85 Ratio=  2.688577E-06 Limit=  1.000000E-08 Wall=     0.8

 DISTRIBUTED PCG SOLVER SOLUTION CONVERGED

 DISTRIBUTED PCG SOLVER SOLUTION STATISTICS

   NUMBER OF ITERATIONS=         121
   NUMBER OF EQUATIONS =      155988
   LEVEL OF CONVERGENCE=           1
   CALCULATED NORM     = 0.84700E-08
   SPECIFIED TOLERANCE = 0.10000E-07
   TOTAL CPU TIME (sec)=        0.67
   TOTAL WALL TIME(sec)=        1.29
   TOTAL MEMORY (GB)   =        0.12


   *** ELEMENT RESULT CALCULATION TIMES
     TYPE    NUMBER   ENAME      TOTAL CP  AVE CP

        1       999  SOLID187      0.000   0.000000
        2     10793  SOLID186      0.328   0.000030
        3        67  SURF154       0.000   0.000000
        4        48  SURF154       0.000   0.000000

   *** NODAL LOAD CALCULATION TIMES
     TYPE    NUMBER   ENAME      TOTAL CP  AVE CP

        1       999  SOLID187      0.000   0.000000
        2     10793  SOLID186      0.062   0.000006
        3        67  SURF154       0.000   0.000000
        4        48  SURF154       0.000   0.000000
 *** LOAD STEP     1   SUBSTEP     1  COMPLETED.    CUM ITER =      1
 *** TIME =   1.00000         TIME INC =   1.00000      NEW TRIANG MATRIX


 *** MAPDL BINARY FILE STATISTICS
  BUFFER SIZE USED= 16384
        3.875 MB WRITTEN ON RESULTS FILE: file0.rst
 *************** Write FE CONNECTORS *********

 WRITE OUT CONSTRAINT EQUATIONS TO FILE= file.ce                                                                                                                                                                                                                                                             
 ****************************************************
 *************** FINISHED SOLVE FOR LS 1 *************

 *GET  _WALLASOL  FROM  ACTI  ITEM=TIME WALL  VALUE=  16.2527778    

 PRINTOUT RESUMED BY /GOP

 *GET  _PCGITER  FROM  ACTI  ITEM=SOLU CGIT  VALUE=  121.000000    

 FINISH SOLUTION PROCESSING


 ***** ROUTINE COMPLETED *****  CP =         2.906



 *** MAPDL - ENGINEERING ANALYSIS SYSTEM  RELEASE 2023 R2          23.2     ***
 Ansys Mechanical Enterprise Academic Student      
 01055371  VERSION=WINDOWS x64   16:15:11  OCT 19, 2023 CP=      2.938

 wbnew--Static Structural (A5)                                                 



          ***** MAPDL RESULTS INTERPRETATION (POST1) *****

 *** NOTE ***                            CP =       2.938   TIME= 16:15:11
 Reading results into the database (SET command) will update the current 
 displacement and force boundary conditions in the database with the     
 values from the results file for that load set.  Note that any          
 subsequent solutions will use these values unless action is taken to    
 either SAVE the current values or not overwrite them (/EXIT,NOSAVE).    

 Set Encoding of XML File to:ISO-8859-1

 Set Output of XML File to:
     PARM,     ,     ,     ,     ,     ,     ,     ,     ,     ,     ,     ,
         ,     ,     ,     ,     ,     ,     ,

 DATABASE WRITTEN ON FILE  parm.xml                                                                                                                                                                                                                                                            

 EXIT THE MAPDL POST1 DATABASE PROCESSOR


 ***** ROUTINE COMPLETED *****  CP =         2.938



 PRINTOUT RESUMED BY /GOP

 *GET  _WALLDONE  FROM  ACTI  ITEM=TIME WALL  VALUE=  16.2530556    

 PARAMETER _PREPTIME =     0.000000000    

 PARAMETER _SOLVTIME =     2.000000000    

 PARAMETER _POSTTIME =     1.000000000    

 PARAMETER _TOTALTIM =     3.000000000    

 *GET  _DLBRATIO  FROM  ACTI  ITEM=SOLU DLBR  VALUE=  1.00705645    

 *GET  _COMBTIME  FROM  ACTI  ITEM=SOLU COMB  VALUE= 0.365928000E-01

 *GET  _SSMODE   FROM  ACTI  ITEM=SOLU SSMM  VALUE=  0.00000000    

 *GET  _NDOFS    FROM  ACTI  ITEM=SOLU NDOF  VALUE=  153524.000    

 *GET  _SOL_END_TIME  FROM  ACTI  ITEM=SET  TIME  VALUE=  1.00000000    

 *IF  _sol_end_time                     ( =   1.00000     )  EQ  
      1.000000                          ( =   1.00000     )  THEN    

 /FCLEAN COMMAND REMOVING ALL LOCAL FILES

 *ENDIF
 --- Total number of nodes = 51996
 --- Total number of elements = 11907
 --- Element load balance ratio = 1.00705645
 --- Time to combine distributed files = 3.65928E-02
 --- Sparse memory mode = 0
 --- Number of DOF = 153524

 EXIT MAPDL WITHOUT SAVING DATABASE


 NUMBER OF WARNING MESSAGES ENCOUNTERED=          2
 NUMBER OF ERROR   MESSAGES ENCOUNTERED=          0

+--------------------- M A P D L   S T A T I S T I C S ------------------------+

Release: 2023 R2            Build: 23.2       Update: UP20230531   Platform: WINDOWS x64 
Date Run: 10/19/2023   Time: 16:15     Process ID: 21904
Operating System: Windows 11  (Build: 22621)

Processor Model: AMD Ryzen 7 5800H with Radeon Graphics

Compiler: Intel(R) Fortran Compiler Version 19.0.5  (Build: 20190815)
          Intel(R) C/C++ Compiler Version 19.0.5  (Build: 20190815)
          Intel(R) Math Kernel Library Version 2020.0.0 Product Build 20191125
          BLAS Library supplied by AMD BLIS

Number of machines requested            :    1
Total number of cores available         :   16
Number of physical cores available      :    8
Number of processes requested           :    4
Number of threads per process requested :    1
Total number of cores requested         :    4 (Distributed Memory Parallel)               
MPI Type: INTELMPI
MPI Version: Intel(R) MPI Library 2021.8 for Windows* OS


GPU Acceleration: Not Requested

Job Name: file0
Input File: dummy.dat

  Core                Machine Name   Working Directory
 -----------------------------------------------------
     0                    NO-TOUCH   C:\Users\skrua\AppData\Local\Temp\WB_skrua_37000_2\_ProjectScratch\ScrBE06
     1                    NO-TOUCH   C:\Users\skrua\AppData\Local\Temp\WB_skrua_37000_2\_ProjectScratch\ScrBE06
     2                    NO-TOUCH   C:\Users\skrua\AppData\Local\Temp\WB_skrua_37000_2\_ProjectScratch\ScrBE06
     3                    NO-TOUCH   C:\Users\skrua\AppData\Local\Temp\WB_skrua_37000_2\_ProjectScratch\ScrBE06
 
Latency time from master to core     1 =    3.391 microseconds
Latency time from master to core     2 =    3.327 microseconds
Latency time from master to core     3 =    3.244 microseconds
 
Communication speed from master to core     1 =  9847.61 MB/sec
Communication speed from master to core     2 = 11434.62 MB/sec
Communication speed from master to core     3 = 12107.45 MB/sec

Total CPU time for main thread                    :        1.9 seconds
Total CPU time summed for all threads             :        3.2 seconds

Elapsed time spent obtaining a license            :        0.3 seconds
Elapsed time spent pre-processing model (/PREP7)  :        0.1 seconds
Elapsed time spent solution - preprocessing       :        0.2 seconds
Elapsed time spent computing solution             :        2.2 seconds
Elapsed time spent solution - postprocessing      :        0.0 seconds
Elapsed time spent post-processing model (/POST1) :        0.0 seconds
 
Equation solver used                              :            PCG (symmetric)
Equation solver computational rate                :        9.3 Gflops

Sum of disk space used on all processes            :       73.2 MB

Sum of memory used on all processes               :      440.0 MB
Sum of memory allocated on all processes          :     2832.0 MB
Physical memory available                         :         15 GB
Total amount of I/O written to disk               :        0.1 GB
Total amount of I/O read from disk                :        0.0 GB

+------------------ E N D   M A P D L   S T A T I S T I C S -------------------+


 *-----------------------------------------------------------------------------*
 |                                                                             |
 |                               RUN COMPLETED                                 |
 |                                                                             |
 |-----------------------------------------------------------------------------|
 |                                                                             |
 |  Ansys MAPDL 2023 R2         Build 23.2         UP20230531    WINDOWS x64   |
 |                                                                             |
 |-----------------------------------------------------------------------------|
 |                                                                             |
 |  Database Requested(-db)     1024 MB     Scratch Memory Requested   1024 MB |
 |  Max Database Used(Master)     28 MB     Max Scratch Used(Master)    132 MB |
 |  Max Database Used(Workers)     1 MB     Max Scratch Used(Workers)   100 MB |
 |  Sum Database Used(All)        31 MB     Sum Scratch Used(All)       409 MB |
 |                                                                             |
 |-----------------------------------------------------------------------------|
 |                                                                             |
 |        CP Time      (sec) =          3.250       Time  =  16:15:11          |
 |        Elapsed Time (sec) =          5.000       Date  =  10/19/2023        |
 |                                                                             |
 *-----------------------------------------------------------------------------*
